system   D            wsystem.c:583  maybe_parent_dir                 [   0.02484] Also searching C:\Users\Laco\Documents\Visual Studio 2013\Projects\Allegro\
system   D            wsystem.c:633  _al_win_safe_load_library        [   0.02534] PathFindOnPath found: C:\Windows\system32\d3d9.dll
system   D            wsystem.c:544  load_library_at_path             [   0.02538] Calling LoadLibrary C:\Windows\system32\d3d9.dll
system   I            wsystem.c:547  load_library_at_path             [   0.04832] Loaded C:\Windows\system32\d3d9.dll
d3d      I         d3d_disp.cpp:696  _al_d3d_init_display             [   0.11958] Render-to-texture: 1
system   I             system.c:252  al_install_system                [   0.11965] Allegro version: 5.0.10
dtor     D               dtor.c:184  _al_register_destructor          [   0.11990] added dtor for object 003CCBA8, func 0FDD24CD
d3d      I         d3d_disp.cpp:1737 d3d_create_display_locked        [   0.12053] faux_fullscreen=0
d3d      D         d3d_disp.cpp:1738 d3d_create_display_locked        [   0.12056] al_display=003CCE28
d3d      D         d3d_disp.cpp:1739 d3d_create_display_locked        [   0.12058] al_display->vt=003CCD60
d3d      I d3d_display_formats.cpp:144  _al_d3d_generate_display_format_list [   0.17109] found 128 format combinations
display  D   display_settings.c:191  debug_display_settings           [   0.17116] color: 32 (rgba 8880), depth: 0, stencil: 0, acc: 0000, samples: 0/0
display  D   display_settings.c:506  _al_score_display_settings       [   0.17120] Score is : 897
display  D   display_settings.c:191  debug_display_settings           [   0.17123] color: 32 (rgba 8880), depth: 0, stencil: 0, acc: 0000, samples: 0/0
display  D   display_settings.c:506  _al_score_display_settings       [   0.17126] Score is : 897
display  D   display_settings.c:191  debug_display_settings           [   0.17129] color: 32 (rgba 8880), depth: 0, stencil: 0, acc: 0000, samples: 2/1
display  D   display_settings.c:506  _al_score_display_settings       [   0.17132] Score is : 726
display  D   display_settings.c:191  debug_display_settings           [   0.17135] color: 32 (rgba 8880), depth: 0, stencil: 0, acc: 0000, samples: 3/1
display  D   display_settings.c:506  _al_score_display_settings       [   0.17138] Score is : 721
display  D   display_settings.c:191  debug_display_settings           [   0.17154] color: 32 (rgba 8880), depth: 24, stencil: 8, acc: 0000, samples: 0/0
display  D   display_settings.c:506  _al_score_display_settings       [   0.17158] Score is : 897
display  D   display_settings.c:191  debug_display_settings           [   0.17160] color: 32 (rgba 8880), depth: 24, stencil: 8, acc: 0000, samples: 0/0
display  D   display_settings.c:506  _al_score_display_settings       [   0.17163] Score is : 897
display  D   display_settings.c:191  debug_display_settings           [   0.17165] color: 32 (rgba 8880), depth: 24, stencil: 8, acc: 0000, samples: 2/1
display  D   display_settings.c:506  _al_score_display_settings       [   0.17168] Score is : 726
display  D   display_settings.c:191  debug_display_settings           [   0.17171] color: 32 (rgba 8880), depth: 24, stencil: 8, acc: 0000, samples: 3/1
display  D   display_settings.c:506  _al_score_display_settings       [   0.17174] Score is : 721
display  D   display_settings.c:191  debug_display_settings           [   0.17176] color: 32 (rgba 8880), depth: 24, stencil: 0, acc: 0000, samples: 0/0
display  D   display_settings.c:506  _al_score_display_settings       [   0.17179] Score is : 897
display  D   display_settings.c:191  debug_display_settings           [   0.17181] color: 32 (rgba 8880), depth: 24, stencil: 0, acc: 0000, samples: 0/0
display  D   display_settings.c:506  _al_score_display_settings       [   0.17184] Score is : 897
display  D   display_settings.c:191  debug_display_settings           [   0.17186] color: 32 (rgba 8880), depth: 24, stencil: 0, acc: 0000, samples: 2/1
display  D   display_settings.c:506  _al_score_display_settings       [   0.17188] Score is : 726
display  D   display_settings.c:191  debug_display_settings           [   0.17194] color: 32 (rgba 8880), depth: 24, stencil: 0, acc: 0000, samples: 3/1
display  D   display_settings.c:506  _al_score_display_settings       [   0.17196] Score is : 721
display  D   display_settings.c:191  debug_display_settings           [   0.17198] color: 32 (rgba 8880), depth: 16, stencil: 0, acc: 0000, samples: 0/0
display  D   display_settings.c:506  _al_score_display_settings       [   0.17200] Score is : 897
display  D   display_settings.c:191  debug_display_settings           [   0.17201] color: 32 (rgba 8880), depth: 16, stencil: 0, acc: 0000, samples: 0/0
display  D   display_settings.c:506  _al_score_display_settings       [   0.17203] Score is : 897
display  D   display_settings.c:191  debug_display_settings           [   0.17205] color: 32 (rgba 8880), depth: 16, stencil: 0, acc: 0000, samples: 2/1
display  D   display_settings.c:506  _al_score_display_settings       [   0.17208] Score is : 726
display  D   display_settings.c:191  debug_display_settings           [   0.17211] color: 32 (rgba 8880), depth: 16, stencil: 0, acc: 0000, samples: 3/1
display  D   display_settings.c:506  _al_score_display_settings       [   0.17214] Score is : 721
display  D   display_settings.c:191  debug_display_settings           [   0.17216] color: 16 (rgba 5650), depth: 0, stencil: 0, acc: 0000, samples: 0/0
display  D   display_settings.c:506  _al_score_display_settings       [   0.17218] Score is : 897
display  D   display_settings.c:191  debug_display_settings           [   0.17220] color: 16 (rgba 5650), depth: 0, stencil: 0, acc: 0000, samples: 0/0
display  D   display_settings.c:506  _al_score_display_settings       [   0.17222] Score is : 897
display  D   display_settings.c:191  debug_display_settings           [   0.17223] color: 16 (rgba 5650), depth: 0, stencil: 0, acc: 0000, samples: 2/1
display  D   display_settings.c:506  _al_score_display_settings       [   0.17225] Score is : 726
display  D   display_settings.c:191  debug_display_settings           [   0.17227] color: 16 (rgba 5650), depth: 0, stencil: 0, acc: 0000, samples: 3/1
display  D   display_settings.c:506  _al_score_display_settings       [   0.17229] Score is : 721
display  D   display_settings.c:191  debug_display_settings           [   0.17230] color: 16 (rgba 5650), depth: 24, stencil: 8, acc: 0000, samples: 0/0
display  D   display_settings.c:506  _al_score_display_settings       [   0.17232] Score is : 897
display  D   display_settings.c:191  debug_display_settings           [   0.17234] color: 16 (rgba 5650), depth: 24, stencil: 8, acc: 0000, samples: 0/0
display  D   display_settings.c:506  _al_score_display_settings       [   0.17236] Score is : 897
display  D   display_settings.c:191  debug_display_settings           [   0.17237] color: 16 (rgba 5650), depth: 24, stencil: 8, acc: 0000, samples: 2/1
display  D   display_settings.c:506  _al_score_display_settings       [   0.17239] Score is : 726
display  D   display_settings.c:191  debug_display_settings           [   0.17241] color: 16 (rgba 5650), depth: 24, stencil: 8, acc: 0000, samples: 3/1
display  D   display_settings.c:506  _al_score_display_settings       [   0.17243] Score is : 721
display  D   display_settings.c:191  debug_display_settings           [   0.17244] color: 16 (rgba 5650), depth: 24, stencil: 0, acc: 0000, samples: 0/0
display  D   display_settings.c:506  _al_score_display_settings       [   0.17246] Score is : 897
display  D   display_settings.c:191  debug_display_settings           [   0.17248] color: 16 (rgba 5650), depth: 24, stencil: 0, acc: 0000, samples: 0/0
display  D   display_settings.c:506  _al_score_display_settings       [   0.17250] Score is : 897
display  D   display_settings.c:191  debug_display_settings           [   0.17253] color: 16 (rgba 5650), depth: 24, stencil: 0, acc: 0000, samples: 2/1
display  D   display_settings.c:506  _al_score_display_settings       [   0.17256] Score is : 726
display  D   display_settings.c:191  debug_display_settings           [   0.17258] color: 16 (rgba 5650), depth: 24, stencil: 0, acc: 0000, samples: 3/1
display  D   display_settings.c:506  _al_score_display_settings       [   0.17261] Score is : 721
display  D   display_settings.c:191  debug_display_settings           [   0.17264] color: 16 (rgba 5650), depth: 16, stencil: 0, acc: 0000, samples: 0/0
display  D   display_settings.c:506  _al_score_display_settings       [   0.17267] Score is : 897
display  D   display_settings.c:191  debug_display_settings           [   0.17270] color: 16 (rgba 5650), depth: 16, stencil: 0, acc: 0000, samples: 0/0
display  D   display_settings.c:506  _al_score_display_settings       [   0.17273] Score is : 897
display  D   display_settings.c:191  debug_display_settings           [   0.17276] color: 16 (rgba 5650), depth: 16, stencil: 0, acc: 0000, samples: 2/1
display  D   display_settings.c:506  _al_score_display_settings       [   0.17279] Score is : 726
display  D   display_settings.c:191  debug_display_settings           [   0.17282] color: 16 (rgba 5650), depth: 16, stencil: 0, acc: 0000, samples: 3/1
display  D   display_settings.c:506  _al_score_display_settings       [   0.17285] Score is : 721
display  D   display_settings.c:191  debug_display_settings           [   0.17288] color: 32 (rgba 8880), depth: 0, stencil: 0, acc: 0000, samples: 0/0
display  D   display_settings.c:377  _al_score_display_settings       [   0.17291] Single Buffer requirement not met.
display  D   display_settings.c:191  debug_display_settings           [   0.17294] color: 32 (rgba 8880), depth: 0, stencil: 0, acc: 0000, samples: 0/0
display  D   display_settings.c:377  _al_score_display_settings       [   0.17297] Single Buffer requirement not met.
display  D   display_settings.c:191  debug_display_settings           [   0.17300] color: 32 (rgba 8880), depth: 0, stencil: 0, acc: 0000, samples: 2/1
display  D   display_settings.c:377  _al_score_display_settings       [   0.17303] Single Buffer requirement not met.
display  D   display_settings.c:191  debug_display_settings           [   0.17306] color: 32 (rgba 8880), depth: 0, stencil: 0, acc: 0000, samples: 3/1
display  D   display_settings.c:377  _al_score_display_settings       [   0.17310] Single Buffer requirement not met.
display  D   display_settings.c:191  debug_display_settings           [   0.17312] color: 32 (rgba 8880), depth: 24, stencil: 8, acc: 0000, samples: 0/0
display  D   display_settings.c:377  _al_score_display_settings       [   0.17316] Single Buffer requirement not met.
display  D   display_settings.c:191  debug_display_settings           [   0.17318] color: 32 (rgba 8880), depth: 24, stencil: 8, acc: 0000, samples: 0/0
display  D   display_settings.c:377  _al_score_display_settings       [   0.17322] Single Buffer requirement not met.
display  D   display_settings.c:191  debug_display_settings           [   0.17325] color: 32 (rgba 8880), depth: 24, stencil: 8, acc: 0000, samples: 2/1
display  D   display_settings.c:377  _al_score_display_settings       [   0.17328] Single Buffer requirement not met.
display  D   display_settings.c:191  debug_display_settings           [   0.17331] color: 32 (rgba 8880), depth: 24, stencil: 8, acc: 0000, samples: 3/1
display  D   display_settings.c:377  _al_score_display_settings       [   0.17333] Single Buffer requirement not met.
display  D   display_settings.c:191  debug_display_settings           [   0.17335] color: 32 (rgba 8880), depth: 24, stencil: 0, acc: 0000, samples: 0/0
display  D   display_settings.c:377  _al_score_display_settings       [   0.17337] Single Buffer requirement not met.
display  D   display_settings.c:191  debug_display_settings           [   0.17338] color: 32 (rgba 8880), depth: 24, stencil: 0, acc: 0000, samples: 0/0
display  D   display_settings.c:377  _al_score_display_settings       [   0.17340] Single Buffer requirement not met.
display  D   display_settings.c:191  debug_display_settings           [   0.17342] color: 32 (rgba 8880), depth: 24, stencil: 0, acc: 0000, samples: 2/1
display  D   display_settings.c:377  _al_score_display_settings       [   0.17344] Single Buffer requirement not met.
display  D   display_settings.c:191  debug_display_settings           [   0.17346] color: 32 (rgba 8880), depth: 24, stencil: 0, acc: 0000, samples: 3/1
display  D   display_settings.c:377  _al_score_display_settings       [   0.17348] Single Buffer requirement not met.
display  D   display_settings.c:191  debug_display_settings           [   0.17349] color: 32 (rgba 8880), depth: 16, stencil: 0, acc: 0000, samples: 0/0
display  D   display_settings.c:377  _al_score_display_settings       [   0.17351] Single Buffer requirement not met.
display  D   display_settings.c:191  debug_display_settings           [   0.17353] color: 32 (rgba 8880), depth: 16, stencil: 0, acc: 0000, samples: 0/0
display  D   display_settings.c:377  _al_score_display_settings       [   0.17355] Single Buffer requirement not met.
display  D   display_settings.c:191  debug_display_settings           [   0.17356] color: 32 (rgba 8880), depth: 16, stencil: 0, acc: 0000, samples: 2/1
display  D   display_settings.c:377  _al_score_display_settings       [   0.17358] Single Buffer requirement not met.
display  D   display_settings.c:191  debug_display_settings           [   0.17360] color: 32 (rgba 8880), depth: 16, stencil: 0, acc: 0000, samples: 3/1
display  D   display_settings.c:377  _al_score_display_settings       [   0.17362] Single Buffer requirement not met.
display  D   display_settings.c:191  debug_display_settings           [   0.17363] color: 16 (rgba 5650), depth: 0, stencil: 0, acc: 0000, samples: 0/0
display  D   display_settings.c:377  _al_score_display_settings       [   0.17365] Single Buffer requirement not met.
display  D   display_settings.c:191  debug_display_settings           [   0.17367] color: 16 (rgba 5650), depth: 0, stencil: 0, acc: 0000, samples: 0/0
display  D   display_settings.c:377  _al_score_display_settings       [   0.17369] Single Buffer requirement not met.
display  D   display_settings.c:191  debug_display_settings           [   0.17370] color: 16 (rgba 5650), depth: 0, stencil: 0, acc: 0000, samples: 2/1
display  D   display_settings.c:377  _al_score_display_settings       [   0.17372] Single Buffer requirement not met.
display  D   display_settings.c:191  debug_display_settings           [   0.17374] color: 16 (rgba 5650), depth: 0, stencil: 0, acc: 0000, samples: 3/1
display  D   display_settings.c:377  _al_score_display_settings       [   0.17376] Single Buffer requirement not met.
display  D   display_settings.c:191  debug_display_settings           [   0.17377] color: 16 (rgba 5650), depth: 24, stencil: 8, acc: 0000, samples: 0/0
display  D   display_settings.c:377  _al_score_display_settings       [   0.17379] Single Buffer requirement not met.
display  D   display_settings.c:191  debug_display_settings           [   0.17381] color: 16 (rgba 5650), depth: 24, stencil: 8, acc: 0000, samples: 0/0
display  D   display_settings.c:377  _al_score_display_settings       [   0.17383] Single Buffer requirement not met.
display  D   display_settings.c:191  debug_display_settings           [   0.17384] color: 16 (rgba 5650), depth: 24, stencil: 8, acc: 0000, samples: 2/1
display  D   display_settings.c:377  _al_score_display_settings       [   0.17386] Single Buffer requirement not met.
display  D   display_settings.c:191  debug_display_settings           [   0.17388] color: 16 (rgba 5650), depth: 24, stencil: 8, acc: 0000, samples: 3/1
display  D   display_settings.c:377  _al_score_display_settings       [   0.17390] Single Buffer requirement not met.
display  D   display_settings.c:191  debug_display_settings           [   0.17391] color: 16 (rgba 5650), depth: 24, stencil: 0, acc: 0000, samples: 0/0
display  D   display_settings.c:377  _al_score_display_settings       [   0.17393] Single Buffer requirement not met.
display  D   display_settings.c:191  debug_display_settings           [   0.17395] color: 16 (rgba 5650), depth: 24, stencil: 0, acc: 0000, samples: 0/0
display  D   display_settings.c:377  _al_score_display_settings       [   0.17400] Single Buffer requirement not met.
display  D   display_settings.c:191  debug_display_settings           [   0.17402] color: 16 (rgba 5650), depth: 24, stencil: 0, acc: 0000, samples: 2/1
display  D   display_settings.c:377  _al_score_display_settings       [   0.17404] Single Buffer requirement not met.
display  D   display_settings.c:191  debug_display_settings           [   0.17405] color: 16 (rgba 5650), depth: 24, stencil: 0, acc: 0000, samples: 3/1
display  D   display_settings.c:377  _al_score_display_settings       [   0.17407] Single Buffer requirement not met.
display  D   display_settings.c:191  debug_display_settings           [   0.17409] color: 16 (rgba 5650), depth: 16, stencil: 0, acc: 0000, samples: 0/0
display  D   display_settings.c:377  _al_score_display_settings       [   0.17411] Single Buffer requirement not met.
display  D   display_settings.c:191  debug_display_settings           [   0.17412] color: 16 (rgba 5650), depth: 16, stencil: 0, acc: 0000, samples: 0/0
display  D   display_settings.c:377  _al_score_display_settings       [   0.17414] Single Buffer requirement not met.
display  D   display_settings.c:191  debug_display_settings           [   0.17416] color: 16 (rgba 5650), depth: 16, stencil: 0, acc: 0000, samples: 2/1
display  D   display_settings.c:377  _al_score_display_settings       [   0.17418] Single Buffer requirement not met.
display  D   display_settings.c:191  debug_display_settings           [   0.17419] color: 16 (rgba 5650), depth: 16, stencil: 0, acc: 0000, samples: 3/1
display  D   display_settings.c:377  _al_score_display_settings       [   0.17421] Single Buffer requirement not met.
display  D   display_settings.c:191  debug_display_settings           [   0.17423] color: 32 (rgba 8880), depth: 0, stencil: 0, acc: 0000, samples: 0/0
display  D   display_settings.c:506  _al_score_display_settings       [   0.17425] Score is : 769
display  D   display_settings.c:191  debug_display_settings           [   0.17426] color: 32 (rgba 8880), depth: 0, stencil: 0, acc: 0000, samples: 0/0
display  D   display_settings.c:506  _al_score_display_settings       [   0.17443] Score is : 769
display  D   display_settings.c:191  debug_display_settings           [   0.17446] color: 32 (rgba 8880), depth: 0, stencil: 0, acc: 0000, samples: 2/1
display  D   display_settings.c:506  _al_score_display_settings       [   0.17448] Score is : 598
display  D   display_settings.c:191  debug_display_settings           [   0.17449] color: 32 (rgba 8880), depth: 0, stencil: 0, acc: 0000, samples: 3/1
display  D   display_settings.c:506  _al_score_display_settings       [   0.17451] Score is : 593
display  D   display_settings.c:191  debug_display_settings           [   0.17453] color: 32 (rgba 8880), depth: 24, stencil: 8, acc: 0000, samples: 0/0
display  D   display_settings.c:506  _al_score_display_settings       [   0.17455] Score is : 769
display  D   display_settings.c:191  debug_display_settings           [   0.17456] color: 32 (rgba 8880), depth: 24, stencil: 8, acc: 0000, samples: 0/0
display  D   display_settings.c:506  _al_score_display_settings       [   0.17458] Score is : 769
display  D   display_settings.c:191  debug_display_settings           [   0.17460] color: 32 (rgba 8880), depth: 24, stencil: 8, acc: 0000, samples: 2/1
display  D   display_settings.c:506  _al_score_display_settings       [   0.17462] Score is : 598
display  D   display_settings.c:191  debug_display_settings           [   0.17463] color: 32 (rgba 8880), depth: 24, stencil: 8, acc: 0000, samples: 3/1
display  D   display_settings.c:506  _al_score_display_settings       [   0.17465] Score is : 593
display  D   display_settings.c:191  debug_display_settings           [   0.17467] color: 32 (rgba 8880), depth: 24, stencil: 0, acc: 0000, samples: 0/0
display  D   display_settings.c:506  _al_score_display_settings       [   0.17469] Score is : 769
display  D   display_settings.c:191  debug_display_settings           [   0.17470] color: 32 (rgba 8880), depth: 24, stencil: 0, acc: 0000, samples: 0/0
display  D   display_settings.c:506  _al_score_display_settings       [   0.17472] Score is : 769
display  D   display_settings.c:191  debug_display_settings           [   0.17474] color: 32 (rgba 8880), depth: 24, stencil: 0, acc: 0000, samples: 2/1
display  D   display_settings.c:506  _al_score_display_settings       [   0.17476] Score is : 598
display  D   display_settings.c:191  debug_display_settings           [   0.17477] color: 32 (rgba 8880), depth: 24, stencil: 0, acc: 0000, samples: 3/1
display  D   display_settings.c:506  _al_score_display_settings       [   0.17479] Score is : 593
display  D   display_settings.c:191  debug_display_settings           [   0.17481] color: 32 (rgba 8880), depth: 16, stencil: 0, acc: 0000, samples: 0/0
display  D   display_settings.c:506  _al_score_display_settings       [   0.17483] Score is : 769
display  D   display_settings.c:191  debug_display_settings           [   0.17484] color: 32 (rgba 8880), depth: 16, stencil: 0, acc: 0000, samples: 0/0
display  D   display_settings.c:506  _al_score_display_settings       [   0.17486] Score is : 769
display  D   display_settings.c:191  debug_display_settings           [   0.17487] color: 32 (rgba 8880), depth: 16, stencil: 0, acc: 0000, samples: 2/1
display  D   display_settings.c:506  _al_score_display_settings       [   0.17489] Score is : 598
display  D   display_settings.c:191  debug_display_settings           [   0.17491] color: 32 (rgba 8880), depth: 16, stencil: 0, acc: 0000, samples: 3/1
display  D   display_settings.c:506  _al_score_display_settings       [   0.17493] Score is : 593
display  D   display_settings.c:191  debug_display_settings           [   0.17494] color: 16 (rgba 5650), depth: 0, stencil: 0, acc: 0000, samples: 0/0
display  D   display_settings.c:506  _al_score_display_settings       [   0.17496] Score is : 769
display  D   display_settings.c:191  debug_display_settings           [   0.17498] color: 16 (rgba 5650), depth: 0, stencil: 0, acc: 0000, samples: 0/0
display  D   display_settings.c:506  _al_score_display_settings       [   0.17500] Score is : 769
display  D   display_settings.c:191  debug_display_settings           [   0.17501] color: 16 (rgba 5650), depth: 0, stencil: 0, acc: 0000, samples: 2/1
display  D   display_settings.c:506  _al_score_display_settings       [   0.17503] Score is : 598
display  D   display_settings.c:191  debug_display_settings           [   0.17505] color: 16 (rgba 5650), depth: 0, stencil: 0, acc: 0000, samples: 3/1
display  D   display_settings.c:506  _al_score_display_settings       [   0.17507] Score is : 593
display  D   display_settings.c:191  debug_display_settings           [   0.17508] color: 16 (rgba 5650), depth: 24, stencil: 8, acc: 0000, samples: 0/0
display  D   display_settings.c:506  _al_score_display_settings       [   0.17510] Score is : 769
display  D   display_settings.c:191  debug_display_settings           [   0.17512] color: 16 (rgba 5650), depth: 24, stencil: 8, acc: 0000, samples: 0/0
display  D   display_settings.c:506  _al_score_display_settings       [   0.17513] Score is : 769
display  D   display_settings.c:191  debug_display_settings           [   0.17515] color: 16 (rgba 5650), depth: 24, stencil: 8, acc: 0000, samples: 2/1
display  D   display_settings.c:506  _al_score_display_settings       [   0.17517] Score is : 598
display  D   display_settings.c:191  debug_display_settings           [   0.17518] color: 16 (rgba 5650), depth: 24, stencil: 8, acc: 0000, samples: 3/1
display  D   display_settings.c:506  _al_score_display_settings       [   0.17520] Score is : 593
display  D   display_settings.c:191  debug_display_settings           [   0.17522] color: 16 (rgba 5650), depth: 24, stencil: 0, acc: 0000, samples: 0/0
display  D   display_settings.c:506  _al_score_display_settings       [   0.17524] Score is : 769
display  D   display_settings.c:191  debug_display_settings           [   0.17525] color: 16 (rgba 5650), depth: 24, stencil: 0, acc: 0000, samples: 0/0
display  D   display_settings.c:506  _al_score_display_settings       [   0.17527] Score is : 769
display  D   display_settings.c:191  debug_display_settings           [   0.17529] color: 16 (rgba 5650), depth: 24, stencil: 0, acc: 0000, samples: 2/1
display  D   display_settings.c:506  _al_score_display_settings       [   0.17531] Score is : 598
display  D   display_settings.c:191  debug_display_settings           [   0.17533] color: 16 (rgba 5650), depth: 24, stencil: 0, acc: 0000, samples: 3/1
display  D   display_settings.c:506  _al_score_display_settings       [   0.17534] Score is : 593
display  D   display_settings.c:191  debug_display_settings           [   0.17536] color: 16 (rgba 5650), depth: 16, stencil: 0, acc: 0000, samples: 0/0
display  D   display_settings.c:506  _al_score_display_settings       [   0.17538] Score is : 769
display  D   display_settings.c:191  debug_display_settings           [   0.17539] color: 16 (rgba 5650), depth: 16, stencil: 0, acc: 0000, samples: 0/0
display  D   display_settings.c:506  _al_score_display_settings       [   0.17541] Score is : 769
display  D   display_settings.c:191  debug_display_settings           [   0.17543] color: 16 (rgba 5650), depth: 16, stencil: 0, acc: 0000, samples: 2/1
display  D   display_settings.c:506  _al_score_display_settings       [   0.17545] Score is : 598
display  D   display_settings.c:191  debug_display_settings           [   0.17546] color: 16 (rgba 5650), depth: 16, stencil: 0, acc: 0000, samples: 3/1
display  D   display_settings.c:506  _al_score_display_settings       [   0.17548] Score is : 593
display  D   display_settings.c:191  debug_display_settings           [   0.17550] color: 32 (rgba 8880), depth: 0, stencil: 0, acc: 0000, samples: 0/0
display  D   display_settings.c:377  _al_score_display_settings       [   0.17552] Single Buffer requirement not met.
display  D   display_settings.c:191  debug_display_settings           [   0.17553] color: 32 (rgba 8880), depth: 0, stencil: 0, acc: 0000, samples: 0/0
display  D   display_settings.c:377  _al_score_display_settings       [   0.17555] Single Buffer requirement not met.
display  D   display_settings.c:191  debug_display_settings           [   0.17557] color: 32 (rgba 8880), depth: 0, stencil: 0, acc: 0000, samples: 2/1
display  D   display_settings.c:377  _al_score_display_settings       [   0.17559] Single Buffer requirement not met.
display  D   display_settings.c:191  debug_display_settings           [   0.17560] color: 32 (rgba 8880), depth: 0, stencil: 0, acc: 0000, samples: 3/1
display  D   display_settings.c:377  _al_score_display_settings       [   0.17562] Single Buffer requirement not met.
display  D   display_settings.c:191  debug_display_settings           [   0.17564] color: 32 (rgba 8880), depth: 24, stencil: 8, acc: 0000, samples: 0/0
display  D   display_settings.c:377  _al_score_display_settings       [   0.17566] Single Buffer requirement not met.
display  D   display_settings.c:191  debug_display_settings           [   0.17567] color: 32 (rgba 8880), depth: 24, stencil: 8, acc: 0000, samples: 0/0
display  D   display_settings.c:377  _al_score_display_settings       [   0.17569] Single Buffer requirement not met.
display  D   display_settings.c:191  debug_display_settings           [   0.17571] color: 32 (rgba 8880), depth: 24, stencil: 8, acc: 0000, samples: 2/1
display  D   display_settings.c:377  _al_score_display_settings       [   0.17573] Single Buffer requirement not met.
display  D   display_settings.c:191  debug_display_settings           [   0.17574] color: 32 (rgba 8880), depth: 24, stencil: 8, acc: 0000, samples: 3/1
display  D   display_settings.c:377  _al_score_display_settings       [   0.17576] Single Buffer requirement not met.
display  D   display_settings.c:191  debug_display_settings           [   0.17578] color: 32 (rgba 8880), depth: 24, stencil: 0, acc: 0000, samples: 0/0
display  D   display_settings.c:377  _al_score_display_settings       [   0.17580] Single Buffer requirement not met.
display  D   display_settings.c:191  debug_display_settings           [   0.17581] color: 32 (rgba 8880), depth: 24, stencil: 0, acc: 0000, samples: 0/0
display  D   display_settings.c:377  _al_score_display_settings       [   0.17583] Single Buffer requirement not met.
display  D   display_settings.c:191  debug_display_settings           [   0.17585] color: 32 (rgba 8880), depth: 24, stencil: 0, acc: 0000, samples: 2/1
display  D   display_settings.c:377  _al_score_display_settings       [   0.17587] Single Buffer requirement not met.
display  D   display_settings.c:191  debug_display_settings           [   0.17588] color: 32 (rgba 8880), depth: 24, stencil: 0, acc: 0000, samples: 3/1
display  D   display_settings.c:377  _al_score_display_settings       [   0.17590] Single Buffer requirement not met.
display  D   display_settings.c:191  debug_display_settings           [   0.17592] color: 32 (rgba 8880), depth: 16, stencil: 0, acc: 0000, samples: 0/0
display  D   display_settings.c:377  _al_score_display_settings       [   0.17594] Single Buffer requirement not met.
display  D   display_settings.c:191  debug_display_settings           [   0.17595] color: 32 (rgba 8880), depth: 16, stencil: 0, acc: 0000, samples: 0/0
display  D   display_settings.c:377  _al_score_display_settings       [   0.17597] Single Buffer requirement not met.
display  D   display_settings.c:191  debug_display_settings           [   0.17599] color: 32 (rgba 8880), depth: 16, stencil: 0, acc: 0000, samples: 2/1
display  D   display_settings.c:377  _al_score_display_settings       [   0.17601] Single Buffer requirement not met.
display  D   display_settings.c:191  debug_display_settings           [   0.17602] color: 32 (rgba 8880), depth: 16, stencil: 0, acc: 0000, samples: 3/1
display  D   display_settings.c:377  _al_score_display_settings       [   0.17604] Single Buffer requirement not met.
display  D   display_settings.c:191  debug_display_settings           [   0.17606] color: 16 (rgba 5650), depth: 0, stencil: 0, acc: 0000, samples: 0/0
display  D   display_settings.c:377  _al_score_display_settings       [   0.17608] Single Buffer requirement not met.
display  D   display_settings.c:191  debug_display_settings           [   0.17609] color: 16 (rgba 5650), depth: 0, stencil: 0, acc: 0000, samples: 0/0
display  D   display_settings.c:377  _al_score_display_settings       [   0.17611] Single Buffer requirement not met.
display  D   display_settings.c:191  debug_display_settings           [   0.17613] color: 16 (rgba 5650), depth: 0, stencil: 0, acc: 0000, samples: 2/1
display  D   display_settings.c:377  _al_score_display_settings       [   0.17615] Single Buffer requirement not met.
display  D   display_settings.c:191  debug_display_settings           [   0.17616] color: 16 (rgba 5650), depth: 0, stencil: 0, acc: 0000, samples: 3/1
display  D   display_settings.c:377  _al_score_display_settings       [   0.17618] Single Buffer requirement not met.
display  D   display_settings.c:191  debug_display_settings           [   0.17620] color: 16 (rgba 5650), depth: 24, stencil: 8, acc: 0000, samples: 0/0
display  D   display_settings.c:377  _al_score_display_settings       [   0.17622] Single Buffer requirement not met.
display  D   display_settings.c:191  debug_display_settings           [   0.17623] color: 16 (rgba 5650), depth: 24, stencil: 8, acc: 0000, samples: 0/0
display  D   display_settings.c:377  _al_score_display_settings       [   0.17625] Single Buffer requirement not met.
display  D   display_settings.c:191  debug_display_settings           [   0.17627] color: 16 (rgba 5650), depth: 24, stencil: 8, acc: 0000, samples: 2/1
display  D   display_settings.c:377  _al_score_display_settings       [   0.17629] Single Buffer requirement not met.
display  D   display_settings.c:191  debug_display_settings           [   0.17630] color: 16 (rgba 5650), depth: 24, stencil: 8, acc: 0000, samples: 3/1
display  D   display_settings.c:377  _al_score_display_settings       [   0.17632] Single Buffer requirement not met.
display  D   display_settings.c:191  debug_display_settings           [   0.17636] color: 16 (rgba 5650), depth: 24, stencil: 0, acc: 0000, samples: 0/0
display  D   display_settings.c:377  _al_score_display_settings       [   0.17638] Single Buffer requirement not met.
display  D   display_settings.c:191  debug_display_settings           [   0.17640] color: 16 (rgba 5650), depth: 24, stencil: 0, acc: 0000, samples: 0/0
display  D   display_settings.c:377  _al_score_display_settings       [   0.17642] Single Buffer requirement not met.
display  D   display_settings.c:191  debug_display_settings           [   0.17643] color: 16 (rgba 5650), depth: 24, stencil: 0, acc: 0000, samples: 2/1
display  D   display_settings.c:377  _al_score_display_settings       [   0.17645] Single Buffer requirement not met.
display  D   display_settings.c:191  debug_display_settings           [   0.17647] color: 16 (rgba 5650), depth: 24, stencil: 0, acc: 0000, samples: 3/1
display  D   display_settings.c:377  _al_score_display_settings       [   0.17649] Single Buffer requirement not met.
display  D   display_settings.c:191  debug_display_settings           [   0.17650] color: 16 (rgba 5650), depth: 16, stencil: 0, acc: 0000, samples: 0/0
display  D   display_settings.c:377  _al_score_display_settings       [   0.17652] Single Buffer requirement not met.
display  D   display_settings.c:191  debug_display_settings           [   0.17654] color: 16 (rgba 5650), depth: 16, stencil: 0, acc: 0000, samples: 0/0
display  D   display_settings.c:377  _al_score_display_settings       [   0.17656] Single Buffer requirement not met.
display  D   display_settings.c:191  debug_display_settings           [   0.17657] color: 16 (rgba 5650), depth: 16, stencil: 0, acc: 0000, samples: 2/1
display  D   display_settings.c:377  _al_score_display_settings       [   0.17659] Single Buffer requirement not met.
display  D   display_settings.c:191  debug_display_settings           [   0.17661] color: 16 (rgba 5650), depth: 16, stencil: 0, acc: 0000, samples: 3/1
display  D   display_settings.c:377  _al_score_display_settings       [   0.17663] Single Buffer requirement not met.
d3d      D         d3d_disp.cpp:1645 d3d_create_display_internals     [   0.17668] Trying format 0.
d3d      I         d3d_disp.cpp:1326 d3d_display_thread_proc          [   0.18358] Chose a display format: 23
d3d      I         d3d_disp.cpp:1395 d3d_display_thread_proc          [   0.18365] Normal window.
d3d      I         d3d_disp.cpp:801  d3d_create_device                [   0.21677] Using no depth stencil buffer
d3d      D         d3d_disp.cpp:866  d3d_create_device                [   0.44267] BeginScene succeeded in create_device
d3d      D         d3d_disp.cpp:874  d3d_create_device                [   0.44274] Success
d3d      D         d3d_disp.cpp:1668 d3d_create_display_internals     [   0.44277] Resumed after wait.
d3d      I         d3d_disp.cpp:1701 d3d_create_display_internals     [   0.44286] Format 0 succeeded.
d3d      D         d3d_disp.cpp:1724 d3d_create_display_internals     [   0.44291] Returning d3d_display: 003CCE28
d3d      D         d3d_disp.cpp:1749 d3d_create_display_locked        [   0.44294] al_display=003CCE28
d3d      D         d3d_disp.cpp:1750 d3d_create_display_locked        [   0.44297] al_display->vt=003CCD60
dtor     D               dtor.c:184  _al_register_destructor          [   0.44351] added dtor for object 003F6A70, func 0FDD27A7
