system   D            wsystem.c:583  maybe_parent_dir                 [   0.03643] Also searching C:\Users\Laco\Documents\Visual Studio 2013\Projects\Monster Slayer\
system   D            wsystem.c:633  _al_win_safe_load_library        [   0.03681] PathFindOnPath found: C:\Windows\system32\d3d9.dll
system   D            wsystem.c:544  load_library_at_path             [   0.03684] Calling LoadLibrary C:\Windows\system32\d3d9.dll
system   I            wsystem.c:547  load_library_at_path             [   0.05676] Loaded C:\Windows\system32\d3d9.dll
d3d      I         d3d_disp.cpp:696  _al_d3d_init_display             [   0.13893] Render-to-texture: 1
system   I             system.c:252  al_install_system                [   0.13904] Allegro version: 5.0.10
dtor     D               dtor.c:184  _al_register_destructor          [   0.13933] added dtor for object 00455FE8, func 0F6124CD
d3d      I         d3d_disp.cpp:1737 d3d_create_display_locked        [   0.13989] faux_fullscreen=0
d3d      D         d3d_disp.cpp:1738 d3d_create_display_locked        [   0.13991] al_display=00456268
d3d      D         d3d_disp.cpp:1739 d3d_create_display_locked        [   0.13993] al_display->vt=004561A0
d3d      I d3d_display_formats.cpp:144  _al_d3d_generate_display_format_list [   0.18095] found 128 format combinations
display  D   display_settings.c:191  debug_display_settings           [   0.18104] color: 32 (rgba 8880), depth: 0, stencil: 0, acc: 0000, samples: 0/0
display  D   display_settings.c:506  _al_score_display_settings       [   0.18107] Score is : 897
display  D   display_settings.c:191  debug_display_settings           [   0.18109] color: 32 (rgba 8880), depth: 0, stencil: 0, acc: 0000, samples: 0/0
display  D   display_settings.c:506  _al_score_display_settings       [   0.18111] Score is : 897
display  D   display_settings.c:191  debug_display_settings           [   0.18112] color: 32 (rgba 8880), depth: 0, stencil: 0, acc: 0000, samples: 2/1
display  D   display_settings.c:506  _al_score_display_settings       [   0.18114] Score is : 726
display  D   display_settings.c:191  debug_display_settings           [   0.18116] color: 32 (rgba 8880), depth: 0, stencil: 0, acc: 0000, samples: 3/1
display  D   display_settings.c:506  _al_score_display_settings       [   0.18118] Score is : 721
display  D   display_settings.c:191  debug_display_settings           [   0.18119] color: 32 (rgba 8880), depth: 24, stencil: 8, acc: 0000, samples: 0/0
display  D   display_settings.c:506  _al_score_display_settings       [   0.18121] Score is : 897
display  D   display_settings.c:191  debug_display_settings           [   0.18123] color: 32 (rgba 8880), depth: 24, stencil: 8, acc: 0000, samples: 0/0
display  D   display_settings.c:506  _al_score_display_settings       [   0.18125] Score is : 897
display  D   display_settings.c:191  debug_display_settings           [   0.18126] color: 32 (rgba 8880), depth: 24, stencil: 8, acc: 0000, samples: 2/1
display  D   display_settings.c:506  _al_score_display_settings       [   0.18128] Score is : 726
display  D   display_settings.c:191  debug_display_settings           [   0.18130] color: 32 (rgba 8880), depth: 24, stencil: 8, acc: 0000, samples: 3/1
display  D   display_settings.c:506  _al_score_display_settings       [   0.18132] Score is : 721
display  D   display_settings.c:191  debug_display_settings           [   0.18133] color: 32 (rgba 8880), depth: 24, stencil: 0, acc: 0000, samples: 0/0
display  D   display_settings.c:506  _al_score_display_settings       [   0.18135] Score is : 897
display  D   display_settings.c:191  debug_display_settings           [   0.18137] color: 32 (rgba 8880), depth: 24, stencil: 0, acc: 0000, samples: 0/0
display  D   display_settings.c:506  _al_score_display_settings       [   0.18139] Score is : 897
display  D   display_settings.c:191  debug_display_settings           [   0.18140] color: 32 (rgba 8880), depth: 24, stencil: 0, acc: 0000, samples: 2/1
display  D   display_settings.c:506  _al_score_display_settings       [   0.18142] Score is : 726
display  D   display_settings.c:191  debug_display_settings           [   0.18149] color: 32 (rgba 8880), depth: 24, stencil: 0, acc: 0000, samples: 3/1
display  D   display_settings.c:506  _al_score_display_settings       [   0.18151] Score is : 721
display  D   display_settings.c:191  debug_display_settings           [   0.18153] color: 32 (rgba 8880), depth: 16, stencil: 0, acc: 0000, samples: 0/0
display  D   display_settings.c:506  _al_score_display_settings       [   0.18155] Score is : 897
display  D   display_settings.c:191  debug_display_settings           [   0.18157] color: 32 (rgba 8880), depth: 16, stencil: 0, acc: 0000, samples: 0/0
display  D   display_settings.c:506  _al_score_display_settings       [   0.18159] Score is : 897
display  D   display_settings.c:191  debug_display_settings           [   0.18160] color: 32 (rgba 8880), depth: 16, stencil: 0, acc: 0000, samples: 2/1
display  D   display_settings.c:506  _al_score_display_settings       [   0.18162] Score is : 726
display  D   display_settings.c:191  debug_display_settings           [   0.18164] color: 32 (rgba 8880), depth: 16, stencil: 0, acc: 0000, samples: 3/1
display  D   display_settings.c:506  _al_score_display_settings       [   0.18165] Score is : 721
display  D   display_settings.c:191  debug_display_settings           [   0.18167] color: 16 (rgba 5650), depth: 0, stencil: 0, acc: 0000, samples: 0/0
display  D   display_settings.c:506  _al_score_display_settings       [   0.18169] Score is : 897
display  D   display_settings.c:191  debug_display_settings           [   0.18171] color: 16 (rgba 5650), depth: 0, stencil: 0, acc: 0000, samples: 0/0
display  D   display_settings.c:506  _al_score_display_settings       [   0.18172] Score is : 897
display  D   display_settings.c:191  debug_display_settings           [   0.18174] color: 16 (rgba 5650), depth: 0, stencil: 0, acc: 0000, samples: 2/1
display  D   display_settings.c:506  _al_score_display_settings       [   0.18176] Score is : 726
display  D   display_settings.c:191  debug_display_settings           [   0.18177] color: 16 (rgba 5650), depth: 0, stencil: 0, acc: 0000, samples: 3/1
display  D   display_settings.c:506  _al_score_display_settings       [   0.18179] Score is : 721
display  D   display_settings.c:191  debug_display_settings           [   0.18181] color: 16 (rgba 5650), depth: 24, stencil: 8, acc: 0000, samples: 0/0
display  D   display_settings.c:506  _al_score_display_settings       [   0.18183] Score is : 897
display  D   display_settings.c:191  debug_display_settings           [   0.18185] color: 16 (rgba 5650), depth: 24, stencil: 8, acc: 0000, samples: 0/0
display  D   display_settings.c:506  _al_score_display_settings       [   0.18186] Score is : 897
display  D   display_settings.c:191  debug_display_settings           [   0.18188] color: 16 (rgba 5650), depth: 24, stencil: 8, acc: 0000, samples: 2/1
display  D   display_settings.c:506  _al_score_display_settings       [   0.18190] Score is : 726
display  D   display_settings.c:191  debug_display_settings           [   0.18192] color: 16 (rgba 5650), depth: 24, stencil: 8, acc: 0000, samples: 3/1
display  D   display_settings.c:506  _al_score_display_settings       [   0.18194] Score is : 721
display  D   display_settings.c:191  debug_display_settings           [   0.18195] color: 16 (rgba 5650), depth: 24, stencil: 0, acc: 0000, samples: 0/0
display  D   display_settings.c:506  _al_score_display_settings       [   0.18197] Score is : 897
display  D   display_settings.c:191  debug_display_settings           [   0.18199] color: 16 (rgba 5650), depth: 24, stencil: 0, acc: 0000, samples: 0/0
display  D   display_settings.c:506  _al_score_display_settings       [   0.18203] Score is : 897
display  D   display_settings.c:191  debug_display_settings           [   0.18205] color: 16 (rgba 5650), depth: 24, stencil: 0, acc: 0000, samples: 2/1
display  D   display_settings.c:506  _al_score_display_settings       [   0.18207] Score is : 726
display  D   display_settings.c:191  debug_display_settings           [   0.18208] color: 16 (rgba 5650), depth: 24, stencil: 0, acc: 0000, samples: 3/1
display  D   display_settings.c:506  _al_score_display_settings       [   0.18210] Score is : 721
display  D   display_settings.c:191  debug_display_settings           [   0.18212] color: 16 (rgba 5650), depth: 16, stencil: 0, acc: 0000, samples: 0/0
display  D   display_settings.c:506  _al_score_display_settings       [   0.18214] Score is : 897
display  D   display_settings.c:191  debug_display_settings           [   0.18215] color: 16 (rgba 5650), depth: 16, stencil: 0, acc: 0000, samples: 0/0
display  D   display_settings.c:506  _al_score_display_settings       [   0.18217] Score is : 897
display  D   display_settings.c:191  debug_display_settings           [   0.18219] color: 16 (rgba 5650), depth: 16, stencil: 0, acc: 0000, samples: 2/1
display  D   display_settings.c:506  _al_score_display_settings       [   0.18221] Score is : 726
display  D   display_settings.c:191  debug_display_settings           [   0.18223] color: 16 (rgba 5650), depth: 16, stencil: 0, acc: 0000, samples: 3/1
display  D   display_settings.c:506  _al_score_display_settings       [   0.18224] Score is : 721
display  D   display_settings.c:191  debug_display_settings           [   0.18226] color: 32 (rgba 8880), depth: 0, stencil: 0, acc: 0000, samples: 0/0
display  D   display_settings.c:377  _al_score_display_settings       [   0.18228] Single Buffer requirement not met.
display  D   display_settings.c:191  debug_display_settings           [   0.18230] color: 32 (rgba 8880), depth: 0, stencil: 0, acc: 0000, samples: 0/0
display  D   display_settings.c:377  _al_score_display_settings       [   0.18232] Single Buffer requirement not met.
display  D   display_settings.c:191  debug_display_settings           [   0.18233] color: 32 (rgba 8880), depth: 0, stencil: 0, acc: 0000, samples: 2/1
display  D   display_settings.c:377  _al_score_display_settings       [   0.18235] Single Buffer requirement not met.
display  D   display_settings.c:191  debug_display_settings           [   0.18237] color: 32 (rgba 8880), depth: 0, stencil: 0, acc: 0000, samples: 3/1
display  D   display_settings.c:377  _al_score_display_settings       [   0.18239] Single Buffer requirement not met.
display  D   display_settings.c:191  debug_display_settings           [   0.18240] color: 32 (rgba 8880), depth: 24, stencil: 8, acc: 0000, samples: 0/0
display  D   display_settings.c:377  _al_score_display_settings       [   0.18242] Single Buffer requirement not met.
display  D   display_settings.c:191  debug_display_settings           [   0.18244] color: 32 (rgba 8880), depth: 24, stencil: 8, acc: 0000, samples: 0/0
display  D   display_settings.c:377  _al_score_display_settings       [   0.18246] Single Buffer requirement not met.
display  D   display_settings.c:191  debug_display_settings           [   0.18248] color: 32 (rgba 8880), depth: 24, stencil: 8, acc: 0000, samples: 2/1
display  D   display_settings.c:377  _al_score_display_settings       [   0.18249] Single Buffer requirement not met.
display  D   display_settings.c:191  debug_display_settings           [   0.18251] color: 32 (rgba 8880), depth: 24, stencil: 8, acc: 0000, samples: 3/1
display  D   display_settings.c:377  _al_score_display_settings       [   0.18253] Single Buffer requirement not met.
display  D   display_settings.c:191  debug_display_settings           [   0.18255] color: 32 (rgba 8880), depth: 24, stencil: 0, acc: 0000, samples: 0/0
display  D   display_settings.c:377  _al_score_display_settings       [   0.18257] Single Buffer requirement not met.
display  D   display_settings.c:191  debug_display_settings           [   0.18258] color: 32 (rgba 8880), depth: 24, stencil: 0, acc: 0000, samples: 0/0
display  D   display_settings.c:377  _al_score_display_settings       [   0.18260] Single Buffer requirement not met.
display  D   display_settings.c:191  debug_display_settings           [   0.18262] color: 32 (rgba 8880), depth: 24, stencil: 0, acc: 0000, samples: 2/1
display  D   display_settings.c:377  _al_score_display_settings       [   0.18264] Single Buffer requirement not met.
display  D   display_settings.c:191  debug_display_settings           [   0.18266] color: 32 (rgba 8880), depth: 24, stencil: 0, acc: 0000, samples: 3/1
display  D   display_settings.c:377  _al_score_display_settings       [   0.18268] Single Buffer requirement not met.
display  D   display_settings.c:191  debug_display_settings           [   0.18269] color: 32 (rgba 8880), depth: 16, stencil: 0, acc: 0000, samples: 0/0
display  D   display_settings.c:377  _al_score_display_settings       [   0.18271] Single Buffer requirement not met.
display  D   display_settings.c:191  debug_display_settings           [   0.18273] color: 32 (rgba 8880), depth: 16, stencil: 0, acc: 0000, samples: 0/0
display  D   display_settings.c:377  _al_score_display_settings       [   0.18275] Single Buffer requirement not met.
display  D   display_settings.c:191  debug_display_settings           [   0.18276] color: 32 (rgba 8880), depth: 16, stencil: 0, acc: 0000, samples: 2/1
display  D   display_settings.c:377  _al_score_display_settings       [   0.18278] Single Buffer requirement not met.
display  D   display_settings.c:191  debug_display_settings           [   0.18280] color: 32 (rgba 8880), depth: 16, stencil: 0, acc: 0000, samples: 3/1
display  D   display_settings.c:377  _al_score_display_settings       [   0.18282] Single Buffer requirement not met.
display  D   display_settings.c:191  debug_display_settings           [   0.18284] color: 16 (rgba 5650), depth: 0, stencil: 0, acc: 0000, samples: 0/0
display  D   display_settings.c:377  _al_score_display_settings       [   0.18286] Single Buffer requirement not met.
display  D   display_settings.c:191  debug_display_settings           [   0.18287] color: 16 (rgba 5650), depth: 0, stencil: 0, acc: 0000, samples: 0/0
display  D   display_settings.c:377  _al_score_display_settings       [   0.18289] Single Buffer requirement not met.
display  D   display_settings.c:191  debug_display_settings           [   0.18291] color: 16 (rgba 5650), depth: 0, stencil: 0, acc: 0000, samples: 2/1
display  D   display_settings.c:377  _al_score_display_settings       [   0.18293] Single Buffer requirement not met.
display  D   display_settings.c:191  debug_display_settings           [   0.18295] color: 16 (rgba 5650), depth: 0, stencil: 0, acc: 0000, samples: 3/1
display  D   display_settings.c:377  _al_score_display_settings       [   0.18297] Single Buffer requirement not met.
display  D   display_settings.c:191  debug_display_settings           [   0.18299] color: 16 (rgba 5650), depth: 24, stencil: 8, acc: 0000, samples: 0/0
display  D   display_settings.c:377  _al_score_display_settings       [   0.18302] Single Buffer requirement not met.
display  D   display_settings.c:191  debug_display_settings           [   0.18304] color: 16 (rgba 5650), depth: 24, stencil: 8, acc: 0000, samples: 0/0
display  D   display_settings.c:377  _al_score_display_settings       [   0.18307] Single Buffer requirement not met.
display  D   display_settings.c:191  debug_display_settings           [   0.18309] color: 16 (rgba 5650), depth: 24, stencil: 8, acc: 0000, samples: 2/1
display  D   display_settings.c:377  _al_score_display_settings       [   0.18312] Single Buffer requirement not met.
display  D   display_settings.c:191  debug_display_settings           [   0.18314] color: 16 (rgba 5650), depth: 24, stencil: 8, acc: 0000, samples: 3/1
display  D   display_settings.c:377  _al_score_display_settings       [   0.18317] Single Buffer requirement not met.
display  D   display_settings.c:191  debug_display_settings           [   0.18319] color: 16 (rgba 5650), depth: 24, stencil: 0, acc: 0000, samples: 0/0
display  D   display_settings.c:377  _al_score_display_settings       [   0.18325] Single Buffer requirement not met.
display  D   display_settings.c:191  debug_display_settings           [   0.18326] color: 16 (rgba 5650), depth: 24, stencil: 0, acc: 0000, samples: 0/0
display  D   display_settings.c:377  _al_score_display_settings       [   0.18330] Single Buffer requirement not met.
display  D   display_settings.c:191  debug_display_settings           [   0.18332] color: 16 (rgba 5650), depth: 24, stencil: 0, acc: 0000, samples: 2/1
display  D   display_settings.c:377  _al_score_display_settings       [   0.18334] Single Buffer requirement not met.
display  D   display_settings.c:191  debug_display_settings           [   0.18336] color: 16 (rgba 5650), depth: 24, stencil: 0, acc: 0000, samples: 3/1
display  D   display_settings.c:377  _al_score_display_settings       [   0.18338] Single Buffer requirement not met.
display  D   display_settings.c:191  debug_display_settings           [   0.18340] color: 16 (rgba 5650), depth: 16, stencil: 0, acc: 0000, samples: 0/0
display  D   display_settings.c:377  _al_score_display_settings       [   0.18342] Single Buffer requirement not met.
display  D   display_settings.c:191  debug_display_settings           [   0.18343] color: 16 (rgba 5650), depth: 16, stencil: 0, acc: 0000, samples: 0/0
display  D   display_settings.c:377  _al_score_display_settings       [   0.18345] Single Buffer requirement not met.
display  D   display_settings.c:191  debug_display_settings           [   0.18347] color: 16 (rgba 5650), depth: 16, stencil: 0, acc: 0000, samples: 2/1
display  D   display_settings.c:377  _al_score_display_settings       [   0.18349] Single Buffer requirement not met.
display  D   display_settings.c:191  debug_display_settings           [   0.18350] color: 16 (rgba 5650), depth: 16, stencil: 0, acc: 0000, samples: 3/1
display  D   display_settings.c:377  _al_score_display_settings       [   0.18352] Single Buffer requirement not met.
display  D   display_settings.c:191  debug_display_settings           [   0.18354] color: 32 (rgba 8880), depth: 0, stencil: 0, acc: 0000, samples: 0/0
display  D   display_settings.c:506  _al_score_display_settings       [   0.18356] Score is : 769
display  D   display_settings.c:191  debug_display_settings           [   0.18357] color: 32 (rgba 8880), depth: 0, stencil: 0, acc: 0000, samples: 0/0
display  D   display_settings.c:506  _al_score_display_settings       [   0.18359] Score is : 769
display  D   display_settings.c:191  debug_display_settings           [   0.18361] color: 32 (rgba 8880), depth: 0, stencil: 0, acc: 0000, samples: 2/1
display  D   display_settings.c:506  _al_score_display_settings       [   0.18363] Score is : 598
display  D   display_settings.c:191  debug_display_settings           [   0.18364] color: 32 (rgba 8880), depth: 0, stencil: 0, acc: 0000, samples: 3/1
display  D   display_settings.c:506  _al_score_display_settings       [   0.18366] Score is : 593
display  D   display_settings.c:191  debug_display_settings           [   0.18368] color: 32 (rgba 8880), depth: 24, stencil: 8, acc: 0000, samples: 0/0
display  D   display_settings.c:506  _al_score_display_settings       [   0.18370] Score is : 769
display  D   display_settings.c:191  debug_display_settings           [   0.18371] color: 32 (rgba 8880), depth: 24, stencil: 8, acc: 0000, samples: 0/0
display  D   display_settings.c:506  _al_score_display_settings       [   0.18373] Score is : 769
display  D   display_settings.c:191  debug_display_settings           [   0.18375] color: 32 (rgba 8880), depth: 24, stencil: 8, acc: 0000, samples: 2/1
display  D   display_settings.c:506  _al_score_display_settings       [   0.18377] Score is : 598
display  D   display_settings.c:191  debug_display_settings           [   0.18378] color: 32 (rgba 8880), depth: 24, stencil: 8, acc: 0000, samples: 3/1
display  D   display_settings.c:506  _al_score_display_settings       [   0.18380] Score is : 593
display  D   display_settings.c:191  debug_display_settings           [   0.18382] color: 32 (rgba 8880), depth: 24, stencil: 0, acc: 0000, samples: 0/0
display  D   display_settings.c:506  _al_score_display_settings       [   0.18384] Score is : 769
display  D   display_settings.c:191  debug_display_settings           [   0.18385] color: 32 (rgba 8880), depth: 24, stencil: 0, acc: 0000, samples: 0/0
display  D   display_settings.c:506  _al_score_display_settings       [   0.18388] Score is : 769
display  D   display_settings.c:191  debug_display_settings           [   0.18389] color: 32 (rgba 8880), depth: 24, stencil: 0, acc: 0000, samples: 2/1
display  D   display_settings.c:506  _al_score_display_settings       [   0.18391] Score is : 598
display  D   display_settings.c:191  debug_display_settings           [   0.18393] color: 32 (rgba 8880), depth: 24, stencil: 0, acc: 0000, samples: 3/1
display  D   display_settings.c:506  _al_score_display_settings       [   0.18395] Score is : 593
display  D   display_settings.c:191  debug_display_settings           [   0.18396] color: 32 (rgba 8880), depth: 16, stencil: 0, acc: 0000, samples: 0/0
display  D   display_settings.c:506  _al_score_display_settings       [   0.18398] Score is : 769
display  D   display_settings.c:191  debug_display_settings           [   0.18401] color: 32 (rgba 8880), depth: 16, stencil: 0, acc: 0000, samples: 0/0
display  D   display_settings.c:506  _al_score_display_settings       [   0.18404] Score is : 769
display  D   display_settings.c:191  debug_display_settings           [   0.18405] color: 32 (rgba 8880), depth: 16, stencil: 0, acc: 0000, samples: 2/1
display  D   display_settings.c:506  _al_score_display_settings       [   0.18407] Score is : 598
display  D   display_settings.c:191  debug_display_settings           [   0.18409] color: 32 (rgba 8880), depth: 16, stencil: 0, acc: 0000, samples: 3/1
display  D   display_settings.c:506  _al_score_display_settings       [   0.18411] Score is : 593
display  D   display_settings.c:191  debug_display_settings           [   0.18412] color: 16 (rgba 5650), depth: 0, stencil: 0, acc: 0000, samples: 0/0
display  D   display_settings.c:506  _al_score_display_settings       [   0.18414] Score is : 769
display  D   display_settings.c:191  debug_display_settings           [   0.18416] color: 16 (rgba 5650), depth: 0, stencil: 0, acc: 0000, samples: 0/0
display  D   display_settings.c:506  _al_score_display_settings       [   0.18418] Score is : 769
display  D   display_settings.c:191  debug_display_settings           [   0.18419] color: 16 (rgba 5650), depth: 0, stencil: 0, acc: 0000, samples: 2/1
display  D   display_settings.c:506  _al_score_display_settings       [   0.18421] Score is : 598
display  D   display_settings.c:191  debug_display_settings           [   0.18423] color: 16 (rgba 5650), depth: 0, stencil: 0, acc: 0000, samples: 3/1
display  D   display_settings.c:506  _al_score_display_settings       [   0.18425] Score is : 593
display  D   display_settings.c:191  debug_display_settings           [   0.18426] color: 16 (rgba 5650), depth: 24, stencil: 8, acc: 0000, samples: 0/0
display  D   display_settings.c:506  _al_score_display_settings       [   0.18428] Score is : 769
display  D   display_settings.c:191  debug_display_settings           [   0.18430] color: 16 (rgba 5650), depth: 24, stencil: 8, acc: 0000, samples: 0/0
display  D   display_settings.c:506  _al_score_display_settings       [   0.18432] Score is : 769
display  D   display_settings.c:191  debug_display_settings           [   0.18433] color: 16 (rgba 5650), depth: 24, stencil: 8, acc: 0000, samples: 2/1
display  D   display_settings.c:506  _al_score_display_settings       [   0.18435] Score is : 598
display  D   display_settings.c:191  debug_display_settings           [   0.18437] color: 16 (rgba 5650), depth: 24, stencil: 8, acc: 0000, samples: 3/1
display  D   display_settings.c:506  _al_score_display_settings       [   0.18439] Score is : 593
display  D   display_settings.c:191  debug_display_settings           [   0.18440] color: 16 (rgba 5650), depth: 24, stencil: 0, acc: 0000, samples: 0/0
display  D   display_settings.c:506  _al_score_display_settings       [   0.18442] Score is : 769
display  D   display_settings.c:191  debug_display_settings           [   0.18444] color: 16 (rgba 5650), depth: 24, stencil: 0, acc: 0000, samples: 0/0
display  D   display_settings.c:506  _al_score_display_settings       [   0.18446] Score is : 769
display  D   display_settings.c:191  debug_display_settings           [   0.18447] color: 16 (rgba 5650), depth: 24, stencil: 0, acc: 0000, samples: 2/1
display  D   display_settings.c:506  _al_score_display_settings       [   0.18449] Score is : 598
display  D   display_settings.c:191  debug_display_settings           [   0.18451] color: 16 (rgba 5650), depth: 24, stencil: 0, acc: 0000, samples: 3/1
display  D   display_settings.c:506  _al_score_display_settings       [   0.18453] Score is : 593
display  D   display_settings.c:191  debug_display_settings           [   0.18454] color: 16 (rgba 5650), depth: 16, stencil: 0, acc: 0000, samples: 0/0
display  D   display_settings.c:506  _al_score_display_settings       [   0.18456] Score is : 769
display  D   display_settings.c:191  debug_display_settings           [   0.18458] color: 16 (rgba 5650), depth: 16, stencil: 0, acc: 0000, samples: 0/0
display  D   display_settings.c:506  _al_score_display_settings       [   0.18460] Score is : 769
display  D   display_settings.c:191  debug_display_settings           [   0.18461] color: 16 (rgba 5650), depth: 16, stencil: 0, acc: 0000, samples: 2/1
display  D   display_settings.c:506  _al_score_display_settings       [   0.18463] Score is : 598
display  D   display_settings.c:191  debug_display_settings           [   0.18465] color: 16 (rgba 5650), depth: 16, stencil: 0, acc: 0000, samples: 3/1
display  D   display_settings.c:506  _al_score_display_settings       [   0.18467] Score is : 593
display  D   display_settings.c:191  debug_display_settings           [   0.18468] color: 32 (rgba 8880), depth: 0, stencil: 0, acc: 0000, samples: 0/0
display  D   display_settings.c:377  _al_score_display_settings       [   0.18470] Single Buffer requirement not met.
display  D   display_settings.c:191  debug_display_settings           [   0.18472] color: 32 (rgba 8880), depth: 0, stencil: 0, acc: 0000, samples: 0/0
display  D   display_settings.c:377  _al_score_display_settings       [   0.18474] Single Buffer requirement not met.
display  D   display_settings.c:191  debug_display_settings           [   0.18475] color: 32 (rgba 8880), depth: 0, stencil: 0, acc: 0000, samples: 2/1
display  D   display_settings.c:377  _al_score_display_settings       [   0.18477] Single Buffer requirement not met.
display  D   display_settings.c:191  debug_display_settings           [   0.18479] color: 32 (rgba 8880), depth: 0, stencil: 0, acc: 0000, samples: 3/1
display  D   display_settings.c:377  _al_score_display_settings       [   0.18481] Single Buffer requirement not met.
display  D   display_settings.c:191  debug_display_settings           [   0.18482] color: 32 (rgba 8880), depth: 24, stencil: 8, acc: 0000, samples: 0/0
display  D   display_settings.c:377  _al_score_display_settings       [   0.18484] Single Buffer requirement not met.
display  D   display_settings.c:191  debug_display_settings           [   0.18486] color: 32 (rgba 8880), depth: 24, stencil: 8, acc: 0000, samples: 0/0
display  D   display_settings.c:377  _al_score_display_settings       [   0.18488] Single Buffer requirement not met.
display  D   display_settings.c:191  debug_display_settings           [   0.18490] color: 32 (rgba 8880), depth: 24, stencil: 8, acc: 0000, samples: 2/1
display  D   display_settings.c:377  _al_score_display_settings       [   0.18492] Single Buffer requirement not met.
display  D   display_settings.c:191  debug_display_settings           [   0.18493] color: 32 (rgba 8880), depth: 24, stencil: 8, acc: 0000, samples: 3/1
display  D   display_settings.c:377  _al_score_display_settings       [   0.18495] Single Buffer requirement not met.
display  D   display_settings.c:191  debug_display_settings           [   0.18497] color: 32 (rgba 8880), depth: 24, stencil: 0, acc: 0000, samples: 0/0
display  D   display_settings.c:377  _al_score_display_settings       [   0.18499] Single Buffer requirement not met.
display  D   display_settings.c:191  debug_display_settings           [   0.18503] color: 32 (rgba 8880), depth: 24, stencil: 0, acc: 0000, samples: 0/0
display  D   display_settings.c:377  _al_score_display_settings       [   0.18506] Single Buffer requirement not met.
display  D   display_settings.c:191  debug_display_settings           [   0.18508] color: 32 (rgba 8880), depth: 24, stencil: 0, acc: 0000, samples: 2/1
display  D   display_settings.c:377  _al_score_display_settings       [   0.18509] Single Buffer requirement not met.
display  D   display_settings.c:191  debug_display_settings           [   0.18511] color: 32 (rgba 8880), depth: 24, stencil: 0, acc: 0000, samples: 3/1
display  D   display_settings.c:377  _al_score_display_settings       [   0.18513] Single Buffer requirement not met.
display  D   display_settings.c:191  debug_display_settings           [   0.18515] color: 32 (rgba 8880), depth: 16, stencil: 0, acc: 0000, samples: 0/0
display  D   display_settings.c:377  _al_score_display_settings       [   0.18517] Single Buffer requirement not met.
display  D   display_settings.c:191  debug_display_settings           [   0.18518] color: 32 (rgba 8880), depth: 16, stencil: 0, acc: 0000, samples: 0/0
display  D   display_settings.c:377  _al_score_display_settings       [   0.18520] Single Buffer requirement not met.
display  D   display_settings.c:191  debug_display_settings           [   0.18522] color: 32 (rgba 8880), depth: 16, stencil: 0, acc: 0000, samples: 2/1
display  D   display_settings.c:377  _al_score_display_settings       [   0.18524] Single Buffer requirement not met.
display  D   display_settings.c:191  debug_display_settings           [   0.18525] color: 32 (rgba 8880), depth: 16, stencil: 0, acc: 0000, samples: 3/1
display  D   display_settings.c:377  _al_score_display_settings       [   0.18527] Single Buffer requirement not met.
display  D   display_settings.c:191  debug_display_settings           [   0.18529] color: 16 (rgba 5650), depth: 0, stencil: 0, acc: 0000, samples: 0/0
display  D   display_settings.c:377  _al_score_display_settings       [   0.18531] Single Buffer requirement not met.
display  D   display_settings.c:191  debug_display_settings           [   0.18533] color: 16 (rgba 5650), depth: 0, stencil: 0, acc: 0000, samples: 0/0
display  D   display_settings.c:377  _al_score_display_settings       [   0.18534] Single Buffer requirement not met.
display  D   display_settings.c:191  debug_display_settings           [   0.18536] color: 16 (rgba 5650), depth: 0, stencil: 0, acc: 0000, samples: 2/1
display  D   display_settings.c:377  _al_score_display_settings       [   0.18538] Single Buffer requirement not met.
display  D   display_settings.c:191  debug_display_settings           [   0.18540] color: 16 (rgba 5650), depth: 0, stencil: 0, acc: 0000, samples: 3/1
display  D   display_settings.c:377  _al_score_display_settings       [   0.18542] Single Buffer requirement not met.
display  D   display_settings.c:191  debug_display_settings           [   0.18543] color: 16 (rgba 5650), depth: 24, stencil: 8, acc: 0000, samples: 0/0
display  D   display_settings.c:377  _al_score_display_settings       [   0.18545] Single Buffer requirement not met.
display  D   display_settings.c:191  debug_display_settings           [   0.18547] color: 16 (rgba 5650), depth: 24, stencil: 8, acc: 0000, samples: 0/0
display  D   display_settings.c:377  _al_score_display_settings       [   0.18549] Single Buffer requirement not met.
display  D   display_settings.c:191  debug_display_settings           [   0.18550] color: 16 (rgba 5650), depth: 24, stencil: 8, acc: 0000, samples: 2/1
display  D   display_settings.c:377  _al_score_display_settings       [   0.18552] Single Buffer requirement not met.
display  D   display_settings.c:191  debug_display_settings           [   0.18554] color: 16 (rgba 5650), depth: 24, stencil: 8, acc: 0000, samples: 3/1
display  D   display_settings.c:377  _al_score_display_settings       [   0.18556] Single Buffer requirement not met.
display  D   display_settings.c:191  debug_display_settings           [   0.18559] color: 16 (rgba 5650), depth: 24, stencil: 0, acc: 0000, samples: 0/0
display  D   display_settings.c:377  _al_score_display_settings       [   0.18562] Single Buffer requirement not met.
display  D   display_settings.c:191  debug_display_settings           [   0.18563] color: 16 (rgba 5650), depth: 24, stencil: 0, acc: 0000, samples: 0/0
display  D   display_settings.c:377  _al_score_display_settings       [   0.18565] Single Buffer requirement not met.
display  D   display_settings.c:191  debug_display_settings           [   0.18567] color: 16 (rgba 5650), depth: 24, stencil: 0, acc: 0000, samples: 2/1
display  D   display_settings.c:377  _al_score_display_settings       [   0.18569] Single Buffer requirement not met.
display  D   display_settings.c:191  debug_display_settings           [   0.18570] color: 16 (rgba 5650), depth: 24, stencil: 0, acc: 0000, samples: 3/1
display  D   display_settings.c:377  _al_score_display_settings       [   0.18572] Single Buffer requirement not met.
display  D   display_settings.c:191  debug_display_settings           [   0.18574] color: 16 (rgba 5650), depth: 16, stencil: 0, acc: 0000, samples: 0/0
display  D   display_settings.c:377  _al_score_display_settings       [   0.18576] Single Buffer requirement not met.
display  D   display_settings.c:191  debug_display_settings           [   0.18578] color: 16 (rgba 5650), depth: 16, stencil: 0, acc: 0000, samples: 0/0
display  D   display_settings.c:377  _al_score_display_settings       [   0.18580] Single Buffer requirement not met.
display  D   display_settings.c:191  debug_display_settings           [   0.18581] color: 16 (rgba 5650), depth: 16, stencil: 0, acc: 0000, samples: 2/1
display  D   display_settings.c:377  _al_score_display_settings       [   0.18583] Single Buffer requirement not met.
display  D   display_settings.c:191  debug_display_settings           [   0.18585] color: 16 (rgba 5650), depth: 16, stencil: 0, acc: 0000, samples: 3/1
display  D   display_settings.c:377  _al_score_display_settings       [   0.18587] Single Buffer requirement not met.
d3d      D         d3d_disp.cpp:1645 d3d_create_display_internals     [   0.18592] Trying format 0.
d3d      I         d3d_disp.cpp:1326 d3d_display_thread_proc          [   0.19620] Chose a display format: 23
d3d      I         d3d_disp.cpp:1395 d3d_display_thread_proc          [   0.19629] Normal window.
d3d      I         d3d_disp.cpp:801  d3d_create_device                [   0.27789] Using no depth stencil buffer
d3d      D         d3d_disp.cpp:866  d3d_create_device                [   0.47043] BeginScene succeeded in create_device
d3d      D         d3d_disp.cpp:874  d3d_create_device                [   0.47049] Success
d3d      D         d3d_disp.cpp:1668 d3d_create_display_internals     [   0.47053] Resumed after wait.
d3d      I         d3d_disp.cpp:1701 d3d_create_display_internals     [   0.47061] Format 0 succeeded.
d3d      D         d3d_disp.cpp:1724 d3d_create_display_internals     [   0.47065] Returning d3d_display: 00456268
d3d      D         d3d_disp.cpp:1749 d3d_create_display_locked        [   0.47068] al_display=00456268
d3d      D         d3d_disp.cpp:1750 d3d_create_display_locked        [   0.47070] al_display->vt=004561A0
d3d      D         d3d_disp.cpp:1166 real_choose_bitmap_format        [   0.47165] Fake format
d3d      D         d3d_disp.cpp:1166 real_choose_bitmap_format        [   0.47169] Fake format
d3d      D         d3d_disp.cpp:1166 real_choose_bitmap_format        [   0.47171] Fake format
d3d      D         d3d_disp.cpp:1166 real_choose_bitmap_format        [   0.47173] Fake format
d3d      D         d3d_disp.cpp:1166 real_choose_bitmap_format        [   0.47175] Fake format
d3d      D         d3d_disp.cpp:1166 real_choose_bitmap_format        [   0.47177] Fake format
d3d      D         d3d_disp.cpp:1166 real_choose_bitmap_format        [   0.47179] Fake format
d3d      D         d3d_disp.cpp:1166 real_choose_bitmap_format        [   0.47182] Fake format
d3d      D         d3d_disp.cpp:1166 real_choose_bitmap_format        [   0.47184] Fake format
d3d      D         d3d_disp.cpp:1174 real_choose_bitmap_format        [   0.47187] Alpha doesn't match
d3d      D         d3d_disp.cpp:1181 real_choose_bitmap_format        [   0.47189] Adapter format is 23
d3d      D         d3d_disp.cpp:1184 real_choose_bitmap_format        [   0.47191] Found a format
d3d      I         d3d_disp.cpp:2283 _al_d3d_create_bitmap            [   0.47193] Chose bitmap format 9
dtor     D               dtor.c:184  _al_register_destructor          [   0.47337] added dtor for object 00480BD0, func 0F612590
d3d      D          d3d_bmp.cpp:467  _al_d3d_sync_bitmap              [   0.47665] _al_d3d_sync_bitmap (system) ref count == 1
d3d      D          d3d_bmp.cpp:473  _al_d3d_sync_bitmap              [   0.47673] _al_d3d_sync_bitmap (video) ref count == 1
d3d      D          d3d_bmp.cpp:467  _al_d3d_sync_bitmap              [   0.48127] _al_d3d_sync_bitmap (system) ref count == 1
d3d      D          d3d_bmp.cpp:473  _al_d3d_sync_bitmap              [   0.48133] _al_d3d_sync_bitmap (video) ref count == 1
d3d      D         d3d_disp.cpp:1166 real_choose_bitmap_format        [   0.48729] Fake format
d3d      D         d3d_disp.cpp:1166 real_choose_bitmap_format        [   0.48732] Fake format
d3d      D         d3d_disp.cpp:1166 real_choose_bitmap_format        [   0.48734] Fake format
d3d      D         d3d_disp.cpp:1166 real_choose_bitmap_format        [   0.48736] Fake format
d3d      D         d3d_disp.cpp:1166 real_choose_bitmap_format        [   0.48737] Fake format
d3d      D         d3d_disp.cpp:1166 real_choose_bitmap_format        [   0.48739] Fake format
d3d      D         d3d_disp.cpp:1166 real_choose_bitmap_format        [   0.48740] Fake format
d3d      D         d3d_disp.cpp:1166 real_choose_bitmap_format        [   0.48742] Fake format
d3d      D         d3d_disp.cpp:1166 real_choose_bitmap_format        [   0.48743] Fake format
d3d      D         d3d_disp.cpp:1174 real_choose_bitmap_format        [   0.48745] Alpha doesn't match
d3d      D         d3d_disp.cpp:1181 real_choose_bitmap_format        [   0.48746] Adapter format is 23
d3d      D         d3d_disp.cpp:1184 real_choose_bitmap_format        [   0.48748] Found a format
d3d      I         d3d_disp.cpp:2283 _al_d3d_create_bitmap            [   0.48750] Chose bitmap format 9
dtor     D               dtor.c:184  _al_register_destructor          [   0.48799] added dtor for object 004DCEA8, func 0F612590
d3d      D          d3d_bmp.cpp:467  _al_d3d_sync_bitmap              [   0.49067] _al_d3d_sync_bitmap (system) ref count == 1
d3d      D          d3d_bmp.cpp:473  _al_d3d_sync_bitmap              [   0.49075] _al_d3d_sync_bitmap (video) ref count == 1
d3d      D          d3d_bmp.cpp:467  _al_d3d_sync_bitmap              [   0.49488] _al_d3d_sync_bitmap (system) ref count == 1
d3d      D          d3d_bmp.cpp:473  _al_d3d_sync_bitmap              [   0.49493] _al_d3d_sync_bitmap (video) ref count == 1
d3d      D         d3d_disp.cpp:1166 real_choose_bitmap_format        [   0.50042] Fake format
d3d      D         d3d_disp.cpp:1166 real_choose_bitmap_format        [   0.50045] Fake format
d3d      D         d3d_disp.cpp:1166 real_choose_bitmap_format        [   0.50046] Fake format
d3d      D         d3d_disp.cpp:1166 real_choose_bitmap_format        [   0.50048] Fake format
d3d      D         d3d_disp.cpp:1166 real_choose_bitmap_format        [   0.50049] Fake format
d3d      D         d3d_disp.cpp:1166 real_choose_bitmap_format        [   0.50051] Fake format
d3d      D         d3d_disp.cpp:1166 real_choose_bitmap_format        [   0.50052] Fake format
d3d      D         d3d_disp.cpp:1166 real_choose_bitmap_format        [   0.50054] Fake format
d3d      D         d3d_disp.cpp:1166 real_choose_bitmap_format        [   0.50055] Fake format
d3d      D         d3d_disp.cpp:1174 real_choose_bitmap_format        [   0.50057] Alpha doesn't match
d3d      D         d3d_disp.cpp:1181 real_choose_bitmap_format        [   0.50058] Adapter format is 23
d3d      D         d3d_disp.cpp:1184 real_choose_bitmap_format        [   0.50061] Found a format
d3d      I         d3d_disp.cpp:2283 _al_d3d_create_bitmap            [   0.50062] Chose bitmap format 9
dtor     D               dtor.c:184  _al_register_destructor          [   0.50130] added dtor for object 004DCFB8, func 0F612590
d3d      D          d3d_bmp.cpp:467  _al_d3d_sync_bitmap              [   0.50839] _al_d3d_sync_bitmap (system) ref count == 1
d3d      D          d3d_bmp.cpp:473  _al_d3d_sync_bitmap              [   0.50846] _al_d3d_sync_bitmap (video) ref count == 1
d3d      D         d3d_disp.cpp:1166 real_choose_bitmap_format        [   0.63410] Fake format
d3d      D         d3d_disp.cpp:1166 real_choose_bitmap_format        [   0.63414] Fake format
d3d      D         d3d_disp.cpp:1166 real_choose_bitmap_format        [   0.63416] Fake format
d3d      D         d3d_disp.cpp:1166 real_choose_bitmap_format        [   0.63417] Fake format
d3d      D         d3d_disp.cpp:1166 real_choose_bitmap_format        [   0.63419] Fake format
d3d      D         d3d_disp.cpp:1166 real_choose_bitmap_format        [   0.63420] Fake format
d3d      D         d3d_disp.cpp:1166 real_choose_bitmap_format        [   0.63422] Fake format
d3d      D         d3d_disp.cpp:1166 real_choose_bitmap_format        [   0.63423] Fake format
d3d      D         d3d_disp.cpp:1166 real_choose_bitmap_format        [   0.63425] Fake format
d3d      D         d3d_disp.cpp:1174 real_choose_bitmap_format        [   0.63426] Alpha doesn't match
d3d      D         d3d_disp.cpp:1181 real_choose_bitmap_format        [   0.63428] Adapter format is 23
d3d      D         d3d_disp.cpp:1184 real_choose_bitmap_format        [   0.63430] Found a format
d3d      I         d3d_disp.cpp:2283 _al_d3d_create_bitmap            [   0.63431] Chose bitmap format 9
dtor     D               dtor.c:184  _al_register_destructor          [   0.63604] added dtor for object 004E0880, func 0F612590
d3d      D          d3d_bmp.cpp:467  _al_d3d_sync_bitmap              [   0.65506] _al_d3d_sync_bitmap (system) ref count == 1
d3d      D          d3d_bmp.cpp:473  _al_d3d_sync_bitmap              [   0.65513] _al_d3d_sync_bitmap (video) ref count == 1
d3d      D         d3d_disp.cpp:1166 real_choose_bitmap_format        [   0.79222] Fake format
d3d      D         d3d_disp.cpp:1166 real_choose_bitmap_format        [   0.79228] Fake format
d3d      D         d3d_disp.cpp:1166 real_choose_bitmap_format        [   0.79230] Fake format
d3d      D         d3d_disp.cpp:1166 real_choose_bitmap_format        [   0.79232] Fake format
d3d      D         d3d_disp.cpp:1166 real_choose_bitmap_format        [   0.79233] Fake format
d3d      D         d3d_disp.cpp:1166 real_choose_bitmap_format        [   0.79235] Fake format
d3d      D         d3d_disp.cpp:1166 real_choose_bitmap_format        [   0.79236] Fake format
d3d      D         d3d_disp.cpp:1166 real_choose_bitmap_format        [   0.79238] Fake format
d3d      D         d3d_disp.cpp:1166 real_choose_bitmap_format        [   0.79239] Fake format
d3d      D         d3d_disp.cpp:1174 real_choose_bitmap_format        [   0.79241] Alpha doesn't match
d3d      D         d3d_disp.cpp:1181 real_choose_bitmap_format        [   0.79242] Adapter format is 23
d3d      D         d3d_disp.cpp:1184 real_choose_bitmap_format        [   0.79244] Found a format
d3d      I         d3d_disp.cpp:2283 _al_d3d_create_bitmap            [   0.79246] Chose bitmap format 9
dtor     D               dtor.c:184  _al_register_destructor          [   0.79408] added dtor for object 05117090, func 0F612590
d3d      D          d3d_bmp.cpp:467  _al_d3d_sync_bitmap              [   0.82845] _al_d3d_sync_bitmap (system) ref count == 1
d3d      D          d3d_bmp.cpp:473  _al_d3d_sync_bitmap              [   0.82852] _al_d3d_sync_bitmap (video) ref count == 1
d3d      D         d3d_disp.cpp:1166 real_choose_bitmap_format        [   0.85545] Fake format
d3d      D         d3d_disp.cpp:1166 real_choose_bitmap_format        [   0.85549] Fake format
d3d      D         d3d_disp.cpp:1166 real_choose_bitmap_format        [   0.85551] Fake format
d3d      D         d3d_disp.cpp:1166 real_choose_bitmap_format        [   0.85553] Fake format
d3d      D         d3d_disp.cpp:1166 real_choose_bitmap_format        [   0.85554] Fake format
d3d      D         d3d_disp.cpp:1166 real_choose_bitmap_format        [   0.85556] Fake format
d3d      D         d3d_disp.cpp:1166 real_choose_bitmap_format        [   0.85557] Fake format
d3d      D         d3d_disp.cpp:1166 real_choose_bitmap_format        [   0.85559] Fake format
d3d      D         d3d_disp.cpp:1166 real_choose_bitmap_format        [   0.85560] Fake format
d3d      D         d3d_disp.cpp:1174 real_choose_bitmap_format        [   0.85562] Alpha doesn't match
d3d      D         d3d_disp.cpp:1181 real_choose_bitmap_format        [   0.85563] Adapter format is 23
d3d      D         d3d_disp.cpp:1184 real_choose_bitmap_format        [   0.85565] Found a format
d3d      I         d3d_disp.cpp:2283 _al_d3d_create_bitmap            [   0.85567] Chose bitmap format 9
dtor     D               dtor.c:184  _al_register_destructor          [   0.85604] added dtor for object 051171A0, func 0F612590
d3d      D          d3d_bmp.cpp:467  _al_d3d_sync_bitmap              [   0.86399] _al_d3d_sync_bitmap (system) ref count == 1
d3d      D          d3d_bmp.cpp:473  _al_d3d_sync_bitmap              [   0.86407] _al_d3d_sync_bitmap (video) ref count == 1
d3d      D         d3d_disp.cpp:1166 real_choose_bitmap_format        [   0.87330] Fake format
d3d      D         d3d_disp.cpp:1166 real_choose_bitmap_format        [   0.87333] Fake format
d3d      D         d3d_disp.cpp:1166 real_choose_bitmap_format        [   0.87335] Fake format
d3d      D         d3d_disp.cpp:1166 real_choose_bitmap_format        [   0.87336] Fake format
d3d      D         d3d_disp.cpp:1166 real_choose_bitmap_format        [   0.87338] Fake format
d3d      D         d3d_disp.cpp:1166 real_choose_bitmap_format        [   0.87339] Fake format
d3d      D         d3d_disp.cpp:1166 real_choose_bitmap_format        [   0.87341] Fake format
d3d      D         d3d_disp.cpp:1166 real_choose_bitmap_format        [   0.87342] Fake format
d3d      D         d3d_disp.cpp:1166 real_choose_bitmap_format        [   0.87344] Fake format
d3d      D         d3d_disp.cpp:1174 real_choose_bitmap_format        [   0.87345] Alpha doesn't match
d3d      D         d3d_disp.cpp:1181 real_choose_bitmap_format        [   0.87347] Adapter format is 23
d3d      D         d3d_disp.cpp:1184 real_choose_bitmap_format        [   0.87348] Found a format
d3d      I         d3d_disp.cpp:2283 _al_d3d_create_bitmap            [   0.87350] Chose bitmap format 9
dtor     D               dtor.c:184  _al_register_destructor          [   0.87382] added dtor for object 051172B0, func 0F612590
d3d      D          d3d_bmp.cpp:467  _al_d3d_sync_bitmap              [   0.87498] _al_d3d_sync_bitmap (system) ref count == 1
d3d      D          d3d_bmp.cpp:473  _al_d3d_sync_bitmap              [   0.87501] _al_d3d_sync_bitmap (video) ref count == 1
font     D                ttf.c:792  al_load_ttf_font_stretch_f       [   0.88525] Font GOTHIC.TTF loaded with pixel size 0 x 36.
font     D                ttf.c:794  al_load_ttf_font_stretch_f       [   0.88529]     ascent=36.0, descent=-8.0, height=44.0
dtor     D               dtor.c:184  _al_register_destructor          [   0.88533] added dtor for object 0050B9B0, func 0F611B36
dtor     D               dtor.c:184  _al_register_destructor          [   0.88540] added dtor for object 0050BBA0, func 0F6127A7
d3d      D         d3d_disp.cpp:1166 real_choose_bitmap_format        [   0.92731] Fake format
d3d      D         d3d_disp.cpp:1166 real_choose_bitmap_format        [   0.92735] Fake format
d3d      D         d3d_disp.cpp:1166 real_choose_bitmap_format        [   0.92737] Fake format
d3d      D         d3d_disp.cpp:1166 real_choose_bitmap_format        [   0.92739] Fake format
d3d      D         d3d_disp.cpp:1166 real_choose_bitmap_format        [   0.92741] Fake format
d3d      D         d3d_disp.cpp:1166 real_choose_bitmap_format        [   0.92743] Fake format
d3d      D         d3d_disp.cpp:1166 real_choose_bitmap_format        [   0.92745] Fake format
d3d      D         d3d_disp.cpp:1166 real_choose_bitmap_format        [   0.92746] Fake format
d3d      D         d3d_disp.cpp:1166 real_choose_bitmap_format        [   0.92748] Fake format
d3d      D         d3d_disp.cpp:1174 real_choose_bitmap_format        [   0.92749] Alpha doesn't match
d3d      D         d3d_disp.cpp:1181 real_choose_bitmap_format        [   0.92751] Adapter format is 23
d3d      D         d3d_disp.cpp:1184 real_choose_bitmap_format        [   0.92753] Found a format
d3d      I         d3d_disp.cpp:2283 _al_d3d_create_bitmap            [   0.92754] Chose bitmap format 9
font     D                ttf.c:217  alloc_glyph_region               [   0.92853] Glyph 91: 19x21 (20x24)
d3d      D          d3d_bmp.cpp:467  _al_d3d_sync_bitmap              [   0.93651] _al_d3d_sync_bitmap (system) ref count == 1
d3d      D          d3d_bmp.cpp:473  _al_d3d_sync_bitmap              [   0.93662] _al_d3d_sync_bitmap (video) ref count == 2
font     D                ttf.c:217  alloc_glyph_region               [   0.93692] Glyph 15: 7x10 (8x12)
d3d      D          d3d_bmp.cpp:467  _al_d3d_sync_bitmap              [   0.93795] _al_d3d_sync_bitmap (system) ref count == 1
d3d      D          d3d_bmp.cpp:473  _al_d3d_sync_bitmap              [   0.93802] _al_d3d_sync_bitmap (video) ref count == 2
font     D                ttf.c:217  alloc_glyph_region               [   0.93830] Glyph 92: 20x28 (20x28)
d3d      D          d3d_bmp.cpp:467  _al_d3d_sync_bitmap              [   0.93916] _al_d3d_sync_bitmap (system) ref count == 1
d3d      D          d3d_bmp.cpp:473  _al_d3d_sync_bitmap              [   0.93923] _al_d3d_sync_bitmap (video) ref count == 2
font     D                ttf.c:406  cache_glyph                      [   0.93940] Glyph 3 has zero size.
font     D                ttf.c:217  alloc_glyph_region               [   0.93947] Glyph 20: 8x28 (8x28)
d3d      D          d3d_bmp.cpp:467  _al_d3d_sync_bitmap              [   0.94028] _al_d3d_sync_bitmap (system) ref count == 1
d3d      D          d3d_bmp.cpp:473  _al_d3d_sync_bitmap              [   0.94034] _al_d3d_sync_bitmap (video) ref count == 2
font     D                ttf.c:217  alloc_glyph_region               [   0.94063] Glyph 19: 20x28 (20x28)
d3d      D          d3d_bmp.cpp:467  _al_d3d_sync_bitmap              [   0.94143] _al_d3d_sync_bitmap (system) ref count == 1
d3d      D          d3d_bmp.cpp:473  _al_d3d_sync_bitmap              [   0.94149] _al_d3d_sync_bitmap (video) ref count == 2
d3d      D          d3d_bmp.cpp:467  _al_d3d_sync_bitmap              [   0.94339] _al_d3d_sync_bitmap (system) ref count == 1
d3d      D          d3d_bmp.cpp:473  _al_d3d_sync_bitmap              [   0.94343] _al_d3d_sync_bitmap (video) ref count == 2
d3d      D          d3d_bmp.cpp:467  _al_d3d_sync_bitmap              [   0.94386] _al_d3d_sync_bitmap (system) ref count == 1
d3d      D          d3d_bmp.cpp:473  _al_d3d_sync_bitmap              [   0.94390] _al_d3d_sync_bitmap (video) ref count == 2
d3d      D          d3d_bmp.cpp:467  _al_d3d_sync_bitmap              [   0.94581] _al_d3d_sync_bitmap (system) ref count == 1
d3d      D          d3d_bmp.cpp:473  _al_d3d_sync_bitmap              [   0.94587] _al_d3d_sync_bitmap (video) ref count == 1
d3d      D          d3d_bmp.cpp:467  _al_d3d_sync_bitmap              [   0.94829] _al_d3d_sync_bitmap (system) ref count == 1
d3d      D          d3d_bmp.cpp:473  _al_d3d_sync_bitmap              [   0.94837] _al_d3d_sync_bitmap (video) ref count == 1
d3d      D          d3d_bmp.cpp:467  _al_d3d_sync_bitmap              [   0.95191] _al_d3d_sync_bitmap (system) ref count == 1
d3d      D          d3d_bmp.cpp:473  _al_d3d_sync_bitmap              [   0.95201] _al_d3d_sync_bitmap (video) ref count == 1
d3d      D          d3d_bmp.cpp:467  _al_d3d_sync_bitmap              [   0.95397] _al_d3d_sync_bitmap (system) ref count == 1
d3d      D          d3d_bmp.cpp:473  _al_d3d_sync_bitmap              [   0.95405] _al_d3d_sync_bitmap (video) ref count == 1
d3d      D          d3d_bmp.cpp:467  _al_d3d_sync_bitmap              [   0.95445] _al_d3d_sync_bitmap (system) ref count == 1
d3d      D          d3d_bmp.cpp:473  _al_d3d_sync_bitmap              [   0.95449] _al_d3d_sync_bitmap (video) ref count == 1
d3d      D          d3d_bmp.cpp:467  _al_d3d_sync_bitmap              [   0.95482] _al_d3d_sync_bitmap (system) ref count == 1
d3d      D          d3d_bmp.cpp:473  _al_d3d_sync_bitmap              [   0.95489] _al_d3d_sync_bitmap (video) ref count == 2
font     D                ttf.c:217  alloc_glyph_region               [   1.47154] Glyph 26: 18x28 (20x28)
d3d      D          d3d_bmp.cpp:467  _al_d3d_sync_bitmap              [   1.47264] _al_d3d_sync_bitmap (system) ref count == 1
d3d      D          d3d_bmp.cpp:473  _al_d3d_sync_bitmap              [   1.47270] _al_d3d_sync_bitmap (video) ref count == 2
font     D                ttf.c:217  alloc_glyph_region               [   1.47315] Glyph 24: 19x28 (20x28)
d3d      D          d3d_bmp.cpp:467  _al_d3d_sync_bitmap              [   1.47421] _al_d3d_sync_bitmap (system) ref count == 1
d3d      D          d3d_bmp.cpp:473  _al_d3d_sync_bitmap              [   1.47427] _al_d3d_sync_bitmap (video) ref count == 2
font     D                ttf.c:217  alloc_glyph_region               [   1.47460] Glyph 23: 20x28 (20x28)
d3d      D          d3d_bmp.cpp:467  _al_d3d_sync_bitmap              [   1.47561] _al_d3d_sync_bitmap (system) ref count == 1
d3d      D          d3d_bmp.cpp:473  _al_d3d_sync_bitmap              [   1.47566] _al_d3d_sync_bitmap (video) ref count == 2
d3d      D          d3d_bmp.cpp:467  _al_d3d_sync_bitmap              [   1.47721] _al_d3d_sync_bitmap (system) ref count == 1
d3d      D          d3d_bmp.cpp:473  _al_d3d_sync_bitmap              [   1.47727] _al_d3d_sync_bitmap (video) ref count == 2
font     D                ttf.c:217  alloc_glyph_region               [   1.49562] Glyph 25: 18x28 (20x28)
d3d      D          d3d_bmp.cpp:467  _al_d3d_sync_bitmap              [   1.49667] _al_d3d_sync_bitmap (system) ref count == 1
d3d      D          d3d_bmp.cpp:473  _al_d3d_sync_bitmap              [   1.49673] _al_d3d_sync_bitmap (video) ref count == 2
font     D                ttf.c:217  alloc_glyph_region               [   1.49721] Glyph 27: 20x28 (20x28)
d3d      D          d3d_bmp.cpp:467  _al_d3d_sync_bitmap              [   1.49808] _al_d3d_sync_bitmap (system) ref count == 1
d3d      D          d3d_bmp.cpp:473  _al_d3d_sync_bitmap              [   1.49815] _al_d3d_sync_bitmap (video) ref count == 2
d3d      D          d3d_bmp.cpp:467  _al_d3d_sync_bitmap              [   1.49972] _al_d3d_sync_bitmap (system) ref count == 1
d3d      D          d3d_bmp.cpp:473  _al_d3d_sync_bitmap              [   1.49979] _al_d3d_sync_bitmap (video) ref count == 2
font     D                ttf.c:217  alloc_glyph_region               [   1.52055] Glyph 21: 20x28 (20x28)
d3d      D          d3d_bmp.cpp:467  _al_d3d_sync_bitmap              [   1.52170] _al_d3d_sync_bitmap (system) ref count == 1
d3d      D          d3d_bmp.cpp:473  _al_d3d_sync_bitmap              [   1.52175] _al_d3d_sync_bitmap (video) ref count == 2
d3d      D          d3d_bmp.cpp:467  _al_d3d_sync_bitmap              [   1.52344] _al_d3d_sync_bitmap (system) ref count == 1
d3d      D          d3d_bmp.cpp:473  _al_d3d_sync_bitmap              [   1.52349] _al_d3d_sync_bitmap (video) ref count == 2
font     D                ttf.c:217  alloc_glyph_region               [   1.54362] Glyph 28: 18x28 (20x28)
d3d      D          d3d_bmp.cpp:467  _al_d3d_sync_bitmap              [   1.54473] _al_d3d_sync_bitmap (system) ref count == 1
d3d      D          d3d_bmp.cpp:473  _al_d3d_sync_bitmap              [   1.54479] _al_d3d_sync_bitmap (video) ref count == 2
d3d      D          d3d_bmp.cpp:467  _al_d3d_sync_bitmap              [   1.54646] _al_d3d_sync_bitmap (system) ref count == 1
d3d      D          d3d_bmp.cpp:473  _al_d3d_sync_bitmap              [   1.54652] _al_d3d_sync_bitmap (video) ref count == 2
font     D                ttf.c:217  alloc_glyph_region               [   1.56873] Glyph 22: 20x28 (20x28)
d3d      D          d3d_bmp.cpp:467  _al_d3d_sync_bitmap              [   1.57097] _al_d3d_sync_bitmap (system) ref count == 1
d3d      D          d3d_bmp.cpp:473  _al_d3d_sync_bitmap              [   1.57104] _al_d3d_sync_bitmap (video) ref count == 2
d3d      D          d3d_bmp.cpp:467  _al_d3d_sync_bitmap              [   1.58777] _al_d3d_sync_bitmap (system) ref count == 1
d3d      D          d3d_bmp.cpp:473  _al_d3d_sync_bitmap              [   1.58786] _al_d3d_sync_bitmap (video) ref count == 2
font     D                ttf.c:217  alloc_glyph_region               [   3.74363] Glyph 51: 17x28 (20x28)
d3d      D          d3d_bmp.cpp:467  _al_d3d_sync_bitmap              [   3.74486] _al_d3d_sync_bitmap (system) ref count == 1
d3d      D          d3d_bmp.cpp:473  _al_d3d_sync_bitmap              [   3.74491] _al_d3d_sync_bitmap (video) ref count == 2
font     D                ttf.c:217  alloc_glyph_region               [   3.74526] Glyph 88: 18x21 (20x24)
d3d      D          d3d_bmp.cpp:467  _al_d3d_sync_bitmap              [   3.74618] _al_d3d_sync_bitmap (system) ref count == 1
d3d      D          d3d_bmp.cpp:473  _al_d3d_sync_bitmap              [   3.74623] _al_d3d_sync_bitmap (video) ref count == 2
font     D                ttf.c:217  alloc_glyph_region               [   3.74655] Glyph 81: 18x21 (20x24)
d3d      D          d3d_bmp.cpp:467  _al_d3d_sync_bitmap              [   3.74743] _al_d3d_sync_bitmap (system) ref count == 1
d3d      D          d3d_bmp.cpp:473  _al_d3d_sync_bitmap              [   3.74752] _al_d3d_sync_bitmap (video) ref count == 2
font     D                ttf.c:217  alloc_glyph_region               [   3.74792] Glyph 78: 17x29 (20x32)
d3d      D          d3d_bmp.cpp:467  _al_d3d_sync_bitmap              [   3.74874] _al_d3d_sync_bitmap (system) ref count == 1
d3d      D          d3d_bmp.cpp:473  _al_d3d_sync_bitmap              [   3.74881] _al_d3d_sync_bitmap (video) ref count == 2
font     D                ttf.c:217  alloc_glyph_region               [   3.74915] Glyph 87: 10x29 (12x32)
d3d      D          d3d_bmp.cpp:467  _al_d3d_sync_bitmap              [   3.74984] _al_d3d_sync_bitmap (system) ref count == 1
d3d      D          d3d_bmp.cpp:473  _al_d3d_sync_bitmap              [   3.74991] _al_d3d_sync_bitmap (video) ref count == 2
font     D                ttf.c:217  alloc_glyph_region               [   3.75041] Glyph 68: 22x21 (24x24)
d3d      D          d3d_bmp.cpp:467  _al_d3d_sync_bitmap              [   3.75121] _al_d3d_sync_bitmap (system) ref count == 1
d3d      D          d3d_bmp.cpp:473  _al_d3d_sync_bitmap              [   3.75128] _al_d3d_sync_bitmap (video) ref count == 2
font     D                ttf.c:217  alloc_glyph_region               [   3.75162] Glyph 70: 21x21 (24x24)
d3d      D          d3d_bmp.cpp:467  _al_d3d_sync_bitmap              [   3.75241] _al_d3d_sync_bitmap (system) ref count == 1
d3d      D          d3d_bmp.cpp:473  _al_d3d_sync_bitmap              [   3.75247] _al_d3d_sync_bitmap (video) ref count == 2
font     D                ttf.c:217  alloc_glyph_region               [   3.75276] Glyph 77: 8x36 (8x36)
d3d      D          d3d_bmp.cpp:467  _al_d3d_sync_bitmap              [   3.75355] _al_d3d_sync_bitmap (system) ref count == 1
d3d      D          d3d_bmp.cpp:473  _al_d3d_sync_bitmap              [   3.75361] _al_d3d_sync_bitmap (video) ref count == 2
font     D                ttf.c:217  alloc_glyph_region               [   3.75390] Glyph 29: 6x21 (8x24)
d3d      D          d3d_bmp.cpp:467  _al_d3d_sync_bitmap              [   3.75467] _al_d3d_sync_bitmap (system) ref count == 1
d3d      D          d3d_bmp.cpp:473  _al_d3d_sync_bitmap              [   3.75473] _al_d3d_sync_bitmap (video) ref count == 2
font     D                ttf.c:217  alloc_glyph_region               [   3.75496] Glyph 17: 6x6 (8x8)
d3d      D          d3d_bmp.cpp:467  _al_d3d_sync_bitmap              [   3.75571] _al_d3d_sync_bitmap (system) ref count == 1
d3d      D          d3d_bmp.cpp:473  _al_d3d_sync_bitmap              [   3.75578] _al_d3d_sync_bitmap (video) ref count == 2
font     D                ttf.c:217  alloc_glyph_region               [   3.75606] Glyph 93: 17x21 (20x24)
d3d      D          d3d_bmp.cpp:467  _al_d3d_sync_bitmap              [   3.75692] _al_d3d_sync_bitmap (system) ref count == 1
d3d      D          d3d_bmp.cpp:473  _al_d3d_sync_bitmap              [   3.75700] _al_d3d_sync_bitmap (video) ref count == 2
font     D                ttf.c:217  alloc_glyph_region               [   3.75735] Glyph 71: 22x29 (24x32)
d3d      D          d3d_bmp.cpp:467  _al_d3d_sync_bitmap              [   3.75812] _al_d3d_sync_bitmap (system) ref count == 1
d3d      D          d3d_bmp.cpp:473  _al_d3d_sync_bitmap              [   3.75818] _al_d3d_sync_bitmap (video) ref count == 2
font     D                ttf.c:217  alloc_glyph_region               [   3.75849] Glyph 85: 11x21 (12x24)
d3d      D          d3d_bmp.cpp:467  _al_d3d_sync_bitmap              [   3.75925] _al_d3d_sync_bitmap (system) ref count == 1
d3d      D          d3d_bmp.cpp:473  _al_d3d_sync_bitmap              [   3.75932] _al_d3d_sync_bitmap (video) ref count == 2
font     D                ttf.c:217  alloc_glyph_region               [   3.75963] Glyph 82: 22x21 (24x24)
d3d      D          d3d_bmp.cpp:467  _al_d3d_sync_bitmap              [   3.76036] _al_d3d_sync_bitmap (system) ref count == 1
d3d      D          d3d_bmp.cpp:473  _al_d3d_sync_bitmap              [   3.76041] _al_d3d_sync_bitmap (video) ref count == 2
font     D                ttf.c:217  alloc_glyph_region               [   3.76081] Glyph 90: 29x21 (32x24)
d3d      D          d3d_bmp.cpp:467  _al_d3d_sync_bitmap              [   3.76161] _al_d3d_sync_bitmap (system) ref count == 1
d3d      D          d3d_bmp.cpp:473  _al_d3d_sync_bitmap              [   3.76168] _al_d3d_sync_bitmap (video) ref count == 2
font     D                ttf.c:217  alloc_glyph_region               [   3.76197] Glyph 76: 6x29 (8x32)
d3d      D          d3d_bmp.cpp:467  _al_d3d_sync_bitmap              [   3.76277] _al_d3d_sync_bitmap (system) ref count == 1
d3d      D          d3d_bmp.cpp:473  _al_d3d_sync_bitmap              [   3.76283] _al_d3d_sync_bitmap (video) ref count == 2
font     D                ttf.c:217  alloc_glyph_region               [   3.76312] Glyph 72: 21x21 (24x24)
d3d      D          d3d_bmp.cpp:467  _al_d3d_sync_bitmap              [   3.76394] _al_d3d_sync_bitmap (system) ref count == 1
d3d      D          d3d_bmp.cpp:473  _al_d3d_sync_bitmap              [   3.76400] _al_d3d_sync_bitmap (video) ref count == 2
font     D                ttf.c:217  alloc_glyph_region               [   3.76481] Glyph 16: 12x4 (12x4)
d3d      D          d3d_bmp.cpp:467  _al_d3d_sync_bitmap              [   3.76579] _al_d3d_sync_bitmap (system) ref count == 1
d3d      D          d3d_bmp.cpp:473  _al_d3d_sync_bitmap              [   3.76586] _al_d3d_sync_bitmap (video) ref count == 2
d3d      D          d3d_bmp.cpp:467  _al_d3d_sync_bitmap              [   3.76726] _al_d3d_sync_bitmap (system) ref count == 1
d3d      D          d3d_bmp.cpp:473  _al_d3d_sync_bitmap              [   3.76732] _al_d3d_sync_bitmap (video) ref count == 2
dtor     D               dtor.c:214  _al_unregister_destructor        [  24.82681] removed dtor for object 00455FE8
d3d      I         d3d_disp.cpp:921  d3d_destroy_display              [  24.82691] destroying display 00456268 (current 00000000)
bitmap   D             bitmap.c:548  _al_convert_to_memory_bitmap     [  24.82695] converting display bitmap 050CB300 to memory bitmap
d3d      D          d3d_bmp.cpp:467  _al_d3d_sync_bitmap              [  24.82777] _al_d3d_sync_bitmap (system) ref count == 1
d3d      D          d3d_bmp.cpp:473  _al_d3d_sync_bitmap              [  24.82783] _al_d3d_sync_bitmap (video) ref count == 2
d3d      W          d3d_bmp.cpp:743  d3d_destroy_bitmap               [  24.82811] d3d_destroy_bitmap: Release video texture failed.
bitmap   D             bitmap.c:548  _al_convert_to_memory_bitmap     [  24.82830] converting display bitmap 051172B0 to memory bitmap
d3d      D          d3d_bmp.cpp:467  _al_d3d_sync_bitmap              [  24.82943] _al_d3d_sync_bitmap (system) ref count == 1
d3d      D          d3d_bmp.cpp:473  _al_d3d_sync_bitmap              [  24.82949] _al_d3d_sync_bitmap (video) ref count == 1
bitmap   D             bitmap.c:548  _al_convert_to_memory_bitmap     [  24.82990] converting display bitmap 051171A0 to memory bitmap
d3d      D          d3d_bmp.cpp:467  _al_d3d_sync_bitmap              [  24.83079] _al_d3d_sync_bitmap (system) ref count == 1
d3d      D          d3d_bmp.cpp:473  _al_d3d_sync_bitmap              [  24.83084] _al_d3d_sync_bitmap (video) ref count == 1
bitmap   D             bitmap.c:548  _al_convert_to_memory_bitmap     [  24.83129] converting display bitmap 05117090 to memory bitmap
d3d      D          d3d_bmp.cpp:467  _al_d3d_sync_bitmap              [  24.83656] _al_d3d_sync_bitmap (system) ref count == 1
d3d      D          d3d_bmp.cpp:473  _al_d3d_sync_bitmap              [  24.83666] _al_d3d_sync_bitmap (video) ref count == 1
bitmap   D             bitmap.c:548  _al_convert_to_memory_bitmap     [  24.84049] converting display bitmap 004E0880 to memory bitmap
d3d      D          d3d_bmp.cpp:467  _al_d3d_sync_bitmap              [  24.84581] _al_d3d_sync_bitmap (system) ref count == 1
d3d      D          d3d_bmp.cpp:473  _al_d3d_sync_bitmap              [  24.84591] _al_d3d_sync_bitmap (video) ref count == 1
bitmap   D             bitmap.c:548  _al_convert_to_memory_bitmap     [  24.84905] converting display bitmap 004DCFB8 to memory bitmap
d3d      D          d3d_bmp.cpp:467  _al_d3d_sync_bitmap              [  24.85219] _al_d3d_sync_bitmap (system) ref count == 1
d3d      D          d3d_bmp.cpp:473  _al_d3d_sync_bitmap              [  24.85228] _al_d3d_sync_bitmap (video) ref count == 1
bitmap   D             bitmap.c:548  _al_convert_to_memory_bitmap     [  24.85429] converting display bitmap 004DCEA8 to memory bitmap
d3d      D          d3d_bmp.cpp:467  _al_d3d_sync_bitmap              [  24.85538] _al_d3d_sync_bitmap (system) ref count == 1
d3d      D          d3d_bmp.cpp:473  _al_d3d_sync_bitmap              [  24.85543] _al_d3d_sync_bitmap (video) ref count == 2
d3d      W          d3d_bmp.cpp:743  d3d_destroy_bitmap               [  24.85560] d3d_destroy_bitmap: Release video texture failed.
bitmap   D             bitmap.c:548  _al_convert_to_memory_bitmap     [  24.85649] converting display bitmap 00480BD0 to memory bitmap
d3d      D          d3d_bmp.cpp:467  _al_d3d_sync_bitmap              [  24.85749] _al_d3d_sync_bitmap (system) ref count == 1
d3d      D          d3d_bmp.cpp:473  _al_d3d_sync_bitmap              [  24.85754] _al_d3d_sync_bitmap (video) ref count == 2
d3d      W          d3d_bmp.cpp:743  d3d_destroy_bitmap               [  24.85768] d3d_destroy_bitmap: Release video texture failed.
d3d      D         d3d_disp.cpp:905  d3d_destroy_display_internals    [  24.85807] waiting for display 00456268's thread to end
d3d      W         d3d_disp.cpp:617  d3d_destroy_device               [  24.87280] d3d_destroy_device: ref count not 0
d3d      I         d3d_disp.cpp:1527 d3d_display_thread_proc          [  24.95378] d3d display thread exits
dtor     D               dtor.c:214  _al_unregister_destructor        [  24.95509] removed dtor for object 0050BBA0
dtor     D               dtor.c:114  _al_run_destructors              [  24.95514] calling dtor for object 0050B9B0, func 0F611B36
dtor     D               dtor.c:214  _al_unregister_destructor        [  24.95517] removed dtor for object 0050B9B0
dtor     D               dtor.c:114  _al_run_destructors              [  24.95573] calling dtor for object 051172B0, func 0F612590
dtor     D               dtor.c:214  _al_unregister_destructor        [  24.95577] removed dtor for object 051172B0
dtor     D               dtor.c:114  _al_run_destructors              [  24.95592] calling dtor for object 051171A0, func 0F612590
dtor     D               dtor.c:214  _al_unregister_destructor        [  24.95594] removed dtor for object 051171A0
dtor     D               dtor.c:114  _al_run_destructors              [  24.95614] calling dtor for object 05117090, func 0F612590
dtor     D               dtor.c:214  _al_unregister_destructor        [  24.95620] removed dtor for object 05117090
dtor     D               dtor.c:114  _al_run_destructors              [  24.95730] calling dtor for object 004E0880, func 0F612590
dtor     D               dtor.c:214  _al_unregister_destructor        [  24.95737] removed dtor for object 004E0880
dtor     D               dtor.c:114  _al_run_destructors              [  24.95847] calling dtor for object 004DCFB8, func 0F612590
dtor     D               dtor.c:214  _al_unregister_destructor        [  24.95855] removed dtor for object 004DCFB8
dtor     D               dtor.c:114  _al_run_destructors              [  24.95893] calling dtor for object 004DCEA8, func 0F612590
dtor     D               dtor.c:214  _al_unregister_destructor        [  24.95896] removed dtor for object 004DCEA8
dtor     D               dtor.c:114  _al_run_destructors              [  24.95922] calling dtor for object 00480BD0, func 0F612590
dtor     D               dtor.c:214  _al_unregister_destructor        [  24.95925] removed dtor for object 00480BD0
